#! /opt/homebrew/Cellar/icarus-verilog/12.0/bin/vvp
:ivl_version "12.0 (stable)";
:ivl_delay_selection "TYPICAL";
:vpi_time_precision - 9;
:vpi_module "/opt/homebrew/Cellar/icarus-verilog/12.0/lib/ivl/system.vpi";
:vpi_module "/opt/homebrew/Cellar/icarus-verilog/12.0/lib/ivl/vhdl_sys.vpi";
:vpi_module "/opt/homebrew/Cellar/icarus-verilog/12.0/lib/ivl/vhdl_textio.vpi";
:vpi_module "/opt/homebrew/Cellar/icarus-verilog/12.0/lib/ivl/v2005_math.vpi";
:vpi_module "/opt/homebrew/Cellar/icarus-verilog/12.0/lib/ivl/va_math.vpi";
S_0x160007cb0 .scope module, "decoder_3_8_tb" "decoder_3_8_tb" 2 4;
 .timescale -9 -9;
v0x1600202d0_0 .var "s_a", 0 0;
v0x160020370_0 .var "s_b", 0 0;
v0x160020420_0 .var "s_c", 0 0;
v0x1600204f0_0 .net "s_out", 7 0, v0x1600201c0_0;  1 drivers
S_0x160004e00 .scope module, "decoder_3_8" "decoder_3_8" 2 9, 3 1 0, S_0x160007cb0;
 .timescale -9 -9;
    .port_info 0 /INPUT 1 "a";
    .port_info 1 /INPUT 1 "b";
    .port_info 2 /INPUT 1 "c";
    .port_info 3 /OUTPUT 8 "out";
v0x160004f70_0 .net "a", 0 0, v0x1600202d0_0;  1 drivers
v0x160020070_0 .net "b", 0 0, v0x160020370_0;  1 drivers
v0x160020110_0 .net "c", 0 0, v0x160020420_0;  1 drivers
v0x1600201c0_0 .var "out", 7 0;
E_0x1600082f0 .event anyedge, v0x160004f70_0, v0x160020070_0, v0x160020110_0;
    .scope S_0x160004e00;
T_0 ;
    %wait E_0x1600082f0;
    %load/vec4 v0x160004f70_0;
    %nor/r;
    %flag_set/vec4 9;
    %flag_get/vec4 9;
    %jmp/0 T_0.1, 9;
    %load/vec4 v0x160020070_0;
    %nor/r;
    %and;
T_0.1;
    %flag_set/vec4 8;
    %flag_get/vec4 8;
    %jmp/0 T_0.0, 8;
    %load/vec4 v0x160020110_0;
    %nor/r;
    %and;
T_0.0;
    %ix/load 4, 0, 0;
    %flag_set/imm 4, 0;
    %store/vec4 v0x1600201c0_0, 4, 1;
    %load/vec4 v0x160004f70_0;
    %nor/r;
    %flag_set/vec4 9;
    %flag_get/vec4 9;
    %jmp/0 T_0.3, 9;
    %load/vec4 v0x160020070_0;
    %nor/r;
    %and;
T_0.3;
    %flag_set/vec4 8;
    %flag_get/vec4 8;
    %jmp/0 T_0.2, 8;
    %load/vec4 v0x160020110_0;
    %and;
T_0.2;
    %ix/load 4, 1, 0;
    %flag_set/imm 4, 0;
    %store/vec4 v0x1600201c0_0, 4, 1;
    %load/vec4 v0x160004f70_0;
    %nor/r;
    %flag_set/vec4 9;
    %flag_get/vec4 9;
    %jmp/0 T_0.5, 9;
    %load/vec4 v0x160020070_0;
    %and;
T_0.5;
    %flag_set/vec4 8;
    %flag_get/vec4 8;
    %jmp/0 T_0.4, 8;
    %load/vec4 v0x160020110_0;
    %nor/r;
    %and;
T_0.4;
    %ix/load 4, 2, 0;
    %flag_set/imm 4, 0;
    %store/vec4 v0x1600201c0_0, 4, 1;
    %load/vec4 v0x160004f70_0;
    %nor/r;
    %flag_set/vec4 9;
    %flag_get/vec4 9;
    %jmp/0 T_0.7, 9;
    %load/vec4 v0x160020070_0;
    %and;
T_0.7;
    %flag_set/vec4 8;
    %flag_get/vec4 8;
    %jmp/0 T_0.6, 8;
    %load/vec4 v0x160020110_0;
    %and;
T_0.6;
    %ix/load 4, 3, 0;
    %flag_set/imm 4, 0;
    %store/vec4 v0x1600201c0_0, 4, 1;
    %load/vec4 v0x160004f70_0;
    %flag_set/vec4 9;
    %flag_get/vec4 9;
    %jmp/0 T_0.9, 9;
    %load/vec4 v0x160020070_0;
    %nor/r;
    %and;
T_0.9;
    %flag_set/vec4 8;
    %flag_get/vec4 8;
    %jmp/0 T_0.8, 8;
    %load/vec4 v0x160020110_0;
    %nor/r;
    %and;
T_0.8;
    %ix/load 4, 4, 0;
    %flag_set/imm 4, 0;
    %store/vec4 v0x1600201c0_0, 4, 1;
    %load/vec4 v0x160004f70_0;
    %flag_set/vec4 9;
    %flag_get/vec4 9;
    %jmp/0 T_0.11, 9;
    %load/vec4 v0x160020070_0;
    %nor/r;
    %and;
T_0.11;
    %flag_set/vec4 8;
    %flag_get/vec4 8;
    %jmp/0 T_0.10, 8;
    %load/vec4 v0x160020110_0;
    %and;
T_0.10;
    %ix/load 4, 5, 0;
    %flag_set/imm 4, 0;
    %store/vec4 v0x1600201c0_0, 4, 1;
    %load/vec4 v0x160004f70_0;
    %flag_set/vec4 9;
    %flag_get/vec4 9;
    %jmp/0 T_0.13, 9;
    %load/vec4 v0x160020070_0;
    %and;
T_0.13;
    %flag_set/vec4 8;
    %flag_get/vec4 8;
    %jmp/0 T_0.12, 8;
    %load/vec4 v0x160020110_0;
    %nor/r;
    %and;
T_0.12;
    %ix/load 4, 6, 0;
    %flag_set/imm 4, 0;
    %store/vec4 v0x1600201c0_0, 4, 1;
    %load/vec4 v0x160004f70_0;
    %flag_set/vec4 9;
    %flag_get/vec4 9;
    %jmp/0 T_0.15, 9;
    %load/vec4 v0x160020070_0;
    %and;
T_0.15;
    %flag_set/vec4 8;
    %flag_get/vec4 8;
    %jmp/0 T_0.14, 8;
    %load/vec4 v0x160020110_0;
    %and;
T_0.14;
    %ix/load 4, 7, 0;
    %flag_set/imm 4, 0;
    %store/vec4 v0x1600201c0_0, 4, 1;
    %jmp T_0;
    .thread T_0, $push;
    .scope S_0x160007cb0;
T_1 ;
    %pushi/vec4 0, 0, 1;
    %store/vec4 v0x1600202d0_0, 0, 1;
    %pushi/vec4 0, 0, 1;
    %store/vec4 v0x160020370_0, 0, 1;
    %pushi/vec4 0, 0, 1;
    %store/vec4 v0x160020420_0, 0, 1;
    %delay 200, 0;
    %pushi/vec4 0, 0, 1;
    %store/vec4 v0x1600202d0_0, 0, 1;
    %pushi/vec4 0, 0, 1;
    %store/vec4 v0x160020370_0, 0, 1;
    %pushi/vec4 1, 0, 1;
    %store/vec4 v0x160020420_0, 0, 1;
    %delay 200, 0;
    %pushi/vec4 0, 0, 1;
    %store/vec4 v0x1600202d0_0, 0, 1;
    %pushi/vec4 1, 0, 1;
    %store/vec4 v0x160020370_0, 0, 1;
    %pushi/vec4 0, 0, 1;
    %store/vec4 v0x160020420_0, 0, 1;
    %delay 200, 0;
    %pushi/vec4 0, 0, 1;
    %store/vec4 v0x1600202d0_0, 0, 1;
    %pushi/vec4 1, 0, 1;
    %store/vec4 v0x160020370_0, 0, 1;
    %pushi/vec4 1, 0, 1;
    %store/vec4 v0x160020420_0, 0, 1;
    %delay 200, 0;
    %pushi/vec4 1, 0, 1;
    %store/vec4 v0x1600202d0_0, 0, 1;
    %pushi/vec4 0, 0, 1;
    %store/vec4 v0x160020370_0, 0, 1;
    %pushi/vec4 0, 0, 1;
    %store/vec4 v0x160020420_0, 0, 1;
    %delay 200, 0;
    %pushi/vec4 1, 0, 1;
    %store/vec4 v0x1600202d0_0, 0, 1;
    %pushi/vec4 0, 0, 1;
    %store/vec4 v0x160020370_0, 0, 1;
    %pushi/vec4 1, 0, 1;
    %store/vec4 v0x160020420_0, 0, 1;
    %delay 200, 0;
    %pushi/vec4 1, 0, 1;
    %store/vec4 v0x1600202d0_0, 0, 1;
    %pushi/vec4 1, 0, 1;
    %store/vec4 v0x160020370_0, 0, 1;
    %pushi/vec4 0, 0, 1;
    %store/vec4 v0x160020420_0, 0, 1;
    %delay 200, 0;
    %pushi/vec4 1, 0, 1;
    %store/vec4 v0x1600202d0_0, 0, 1;
    %pushi/vec4 1, 0, 1;
    %store/vec4 v0x160020370_0, 0, 1;
    %pushi/vec4 1, 0, 1;
    %store/vec4 v0x160020420_0, 0, 1;
    %delay 2000, 0;
    %vpi_call 2 27 "$finish" {0 0 0};
    %end;
    .thread T_1;
    .scope S_0x160007cb0;
T_2 ;
    %vpi_call 2 31 "$dumpfile", "wave.vcd" {0 0 0};
    %vpi_call 2 32 "$dumpvars", 32'sb00000000000000000000000000000000, S_0x160007cb0 {0 0 0};
    %end;
    .thread T_2;
# The file index is used to find the file name in the following table.
:file_names 4;
    "N/A";
    "<interactive>";
    "./test/decoder_3_8_tb.v";
    "/Users/baijiale/Documents/Code/fpga_design_uestc/decoder_3_8/src/decoder_3_8.v";
