#! /opt/homebrew/Cellar/icarus-verilog/12.0/bin/vvp
:ivl_version "12.0 (stable)";
:ivl_delay_selection "TYPICAL";
:vpi_time_precision - 9;
:vpi_module "/opt/homebrew/Cellar/icarus-verilog/12.0/lib/ivl/system.vpi";
:vpi_module "/opt/homebrew/Cellar/icarus-verilog/12.0/lib/ivl/vhdl_sys.vpi";
:vpi_module "/opt/homebrew/Cellar/icarus-verilog/12.0/lib/ivl/vhdl_textio.vpi";
:vpi_module "/opt/homebrew/Cellar/icarus-verilog/12.0/lib/ivl/v2005_math.vpi";
:vpi_module "/opt/homebrew/Cellar/icarus-verilog/12.0/lib/ivl/va_math.vpi";
S_0x154e0c940 .scope module, "devision_comb_tb" "devision_comb_tb" 2 5;
 .timescale -9 -9;
P_0x154e18530 .param/l "WIDTH" 0 2 7, +C4<00000000000000000000000000010000>;
v0x154e36b50_0 .var "a", 15 0;
v0x154e36c00_0 .var "b", 15 0;
v0x154e36c90_0 .net "out1", 6 0, v0x154e367d0_0;  1 drivers
v0x154e36d60_0 .net "out2", 6 0, v0x154e36870_0;  1 drivers
v0x154e36e10_0 .net "out3", 6 0, v0x154e36930_0;  1 drivers
v0x154e36ee0_0 .net "out4", 6 0, v0x154e369e0_0;  1 drivers
v0x154e36f90_0 .net "remainder", 15 0, v0x154e362b0_0;  1 drivers
v0x154e37040_0 .net "y", 15 0, v0x154e36360_0;  1 drivers
S_0x154e16070 .scope module, "uut" "devision_comb" 2 23, 3 11 0, S_0x154e0c940;
 .timescale -9 -9;
    .port_info 0 /INPUT 16 "a";
    .port_info 1 /INPUT 16 "b";
    .port_info 2 /OUTPUT 16 "y";
    .port_info 3 /OUTPUT 16 "remainder";
P_0x154e0d660 .param/l "WIDTH" 0 3 12, +C4<00000000000000000000000000010000>;
v0x154e0cab0_0 .var "Ra", 31 0;
v0x154e35f70_0 .var "Rb", 15 0;
v0x154e36010_0 .var "Rc", 15 0;
v0x154e360a0_0 .net "a", 15 0, v0x154e36b50_0;  1 drivers
v0x154e36130_0 .net "b", 15 0, v0x154e36c00_0;  1 drivers
v0x154e36200_0 .var/i "i", 31 0;
v0x154e362b0_0 .var "remainder", 15 0;
v0x154e36360_0 .var "y", 15 0;
E_0x154e17100 .event anyedge, v0x154e36130_0, v0x154e360a0_0;
S_0x154e36450 .scope module, "uut_led" "led_encoder" 2 30, 4 1 0, S_0x154e0c940;
 .timescale -9 -9;
    .port_info 0 /INPUT 16 "in";
    .port_info 1 /OUTPUT 7 "out1";
    .port_info 2 /OUTPUT 7 "out2";
    .port_info 3 /OUTPUT 7 "out3";
    .port_info 4 /OUTPUT 7 "out4";
v0x154e36710_0 .net "in", 15 0, v0x154e36360_0;  alias, 1 drivers
v0x154e367d0_0 .var "out1", 6 0;
v0x154e36870_0 .var "out2", 6 0;
v0x154e36930_0 .var "out3", 6 0;
v0x154e369e0_0 .var "out4", 6 0;
E_0x154e366d0 .event anyedge, v0x154e36360_0;
    .scope S_0x154e16070;
T_0 ;
    %pushi/vec4 0, 0, 32;
    %store/vec4 v0x154e0cab0_0, 0, 32;
    %pushi/vec4 0, 0, 16;
    %store/vec4 v0x154e35f70_0, 0, 16;
    %pushi/vec4 0, 0, 16;
    %store/vec4 v0x154e36010_0, 0, 16;
    %end;
    .thread T_0;
    .scope S_0x154e16070;
T_1 ;
    %wait E_0x154e17100;
    %load/vec4 v0x154e360a0_0;
    %ix/load 4, 0, 0;
    %flag_set/imm 4, 0;
    %store/vec4 v0x154e0cab0_0, 4, 16;
    %pushi/vec4 0, 0, 16;
    %ix/load 4, 16, 0;
    %flag_set/imm 4, 0;
    %store/vec4 v0x154e0cab0_0, 4, 16;
    %load/vec4 v0x154e36130_0;
    %store/vec4 v0x154e35f70_0, 0, 16;
    %pushi/vec4 0, 0, 16;
    %store/vec4 v0x154e36010_0, 0, 16;
    %pushi/vec4 0, 0, 32;
    %store/vec4 v0x154e36200_0, 0, 32;
T_1.0 ;
    %load/vec4 v0x154e36200_0;
    %cmpi/s 16, 0, 32;
    %jmp/0xz T_1.1, 5;
    %load/vec4 v0x154e0cab0_0;
    %ix/load 4, 1, 0;
    %flag_set/imm 4, 0;
    %shiftl 4;
    %store/vec4 v0x154e0cab0_0, 0, 32;
    %load/vec4 v0x154e36010_0;
    %ix/load 4, 1, 0;
    %flag_set/imm 4, 0;
    %shiftl 4;
    %store/vec4 v0x154e36010_0, 0, 16;
    %load/vec4 v0x154e35f70_0;
    %load/vec4 v0x154e0cab0_0;
    %parti/s 16, 16, 6;
    %cmp/u;
    %flag_or 5, 4;
    %jmp/0xz  T_1.2, 5;
    %load/vec4 v0x154e0cab0_0;
    %parti/s 16, 16, 6;
    %load/vec4 v0x154e35f70_0;
    %sub;
    %ix/load 4, 16, 0;
    %flag_set/imm 4, 0;
    %store/vec4 v0x154e0cab0_0, 4, 16;
    %pushi/vec4 1, 0, 1;
    %ix/load 4, 0, 0;
    %flag_set/imm 4, 0;
    %store/vec4 v0x154e36010_0, 4, 1;
    %jmp T_1.3;
T_1.2 ;
    %pushi/vec4 0, 0, 1;
    %ix/load 4, 0, 0;
    %flag_set/imm 4, 0;
    %store/vec4 v0x154e36010_0, 4, 1;
T_1.3 ;
    %load/vec4 v0x154e36200_0;
    %addi 1, 0, 32;
    %store/vec4 v0x154e36200_0, 0, 32;
    %jmp T_1.0;
T_1.1 ;
    %load/vec4 v0x154e36010_0;
    %store/vec4 v0x154e36360_0, 0, 16;
    %load/vec4 v0x154e0cab0_0;
    %parti/s 16, 16, 6;
    %store/vec4 v0x154e362b0_0, 0, 16;
    %jmp T_1;
    .thread T_1, $push;
    .scope S_0x154e36450;
T_2 ;
    %wait E_0x154e366d0;
    %load/vec4 v0x154e36710_0;
    %parti/s 4, 0, 2;
    %dup/vec4;
    %pushi/vec4 0, 0, 4;
    %cmp/u;
    %jmp/1 T_2.0, 6;
    %dup/vec4;
    %pushi/vec4 1, 0, 4;
    %cmp/u;
    %jmp/1 T_2.1, 6;
    %dup/vec4;
    %pushi/vec4 2, 0, 4;
    %cmp/u;
    %jmp/1 T_2.2, 6;
    %dup/vec4;
    %pushi/vec4 3, 0, 4;
    %cmp/u;
    %jmp/1 T_2.3, 6;
    %dup/vec4;
    %pushi/vec4 4, 0, 4;
    %cmp/u;
    %jmp/1 T_2.4, 6;
    %dup/vec4;
    %pushi/vec4 5, 0, 4;
    %cmp/u;
    %jmp/1 T_2.5, 6;
    %dup/vec4;
    %pushi/vec4 6, 0, 4;
    %cmp/u;
    %jmp/1 T_2.6, 6;
    %dup/vec4;
    %pushi/vec4 7, 0, 4;
    %cmp/u;
    %jmp/1 T_2.7, 6;
    %dup/vec4;
    %pushi/vec4 8, 0, 4;
    %cmp/u;
    %jmp/1 T_2.8, 6;
    %dup/vec4;
    %pushi/vec4 9, 0, 4;
    %cmp/u;
    %jmp/1 T_2.9, 6;
    %dup/vec4;
    %pushi/vec4 10, 0, 4;
    %cmp/u;
    %jmp/1 T_2.10, 6;
    %dup/vec4;
    %pushi/vec4 11, 0, 4;
    %cmp/u;
    %jmp/1 T_2.11, 6;
    %dup/vec4;
    %pushi/vec4 12, 0, 4;
    %cmp/u;
    %jmp/1 T_2.12, 6;
    %dup/vec4;
    %pushi/vec4 13, 0, 4;
    %cmp/u;
    %jmp/1 T_2.13, 6;
    %dup/vec4;
    %pushi/vec4 14, 0, 4;
    %cmp/u;
    %jmp/1 T_2.14, 6;
    %dup/vec4;
    %pushi/vec4 15, 0, 4;
    %cmp/u;
    %jmp/1 T_2.15, 6;
    %jmp T_2.16;
T_2.0 ;
    %pushi/vec4 63, 0, 7;
    %store/vec4 v0x154e367d0_0, 0, 7;
    %jmp T_2.16;
T_2.1 ;
    %pushi/vec4 6, 0, 7;
    %store/vec4 v0x154e367d0_0, 0, 7;
    %jmp T_2.16;
T_2.2 ;
    %pushi/vec4 91, 0, 7;
    %store/vec4 v0x154e367d0_0, 0, 7;
    %jmp T_2.16;
T_2.3 ;
    %pushi/vec4 79, 0, 7;
    %store/vec4 v0x154e367d0_0, 0, 7;
    %jmp T_2.16;
T_2.4 ;
    %pushi/vec4 102, 0, 7;
    %store/vec4 v0x154e367d0_0, 0, 7;
    %jmp T_2.16;
T_2.5 ;
    %pushi/vec4 109, 0, 7;
    %store/vec4 v0x154e367d0_0, 0, 7;
    %jmp T_2.16;
T_2.6 ;
    %pushi/vec4 125, 0, 7;
    %store/vec4 v0x154e367d0_0, 0, 7;
    %jmp T_2.16;
T_2.7 ;
    %pushi/vec4 7, 0, 7;
    %store/vec4 v0x154e367d0_0, 0, 7;
    %jmp T_2.16;
T_2.8 ;
    %pushi/vec4 127, 0, 7;
    %store/vec4 v0x154e367d0_0, 0, 7;
    %jmp T_2.16;
T_2.9 ;
    %pushi/vec4 111, 0, 7;
    %store/vec4 v0x154e367d0_0, 0, 7;
    %jmp T_2.16;
T_2.10 ;
    %pushi/vec4 119, 0, 7;
    %store/vec4 v0x154e367d0_0, 0, 7;
    %jmp T_2.16;
T_2.11 ;
    %pushi/vec4 124, 0, 7;
    %store/vec4 v0x154e367d0_0, 0, 7;
    %jmp T_2.16;
T_2.12 ;
    %pushi/vec4 57, 0, 7;
    %store/vec4 v0x154e367d0_0, 0, 7;
    %jmp T_2.16;
T_2.13 ;
    %pushi/vec4 94, 0, 7;
    %store/vec4 v0x154e367d0_0, 0, 7;
    %jmp T_2.16;
T_2.14 ;
    %pushi/vec4 121, 0, 7;
    %store/vec4 v0x154e367d0_0, 0, 7;
    %jmp T_2.16;
T_2.15 ;
    %pushi/vec4 113, 0, 7;
    %store/vec4 v0x154e367d0_0, 0, 7;
    %jmp T_2.16;
T_2.16 ;
    %pop/vec4 1;
    %load/vec4 v0x154e36710_0;
    %parti/s 4, 4, 4;
    %dup/vec4;
    %pushi/vec4 0, 0, 4;
    %cmp/u;
    %jmp/1 T_2.17, 6;
    %dup/vec4;
    %pushi/vec4 1, 0, 4;
    %cmp/u;
    %jmp/1 T_2.18, 6;
    %dup/vec4;
    %pushi/vec4 2, 0, 4;
    %cmp/u;
    %jmp/1 T_2.19, 6;
    %dup/vec4;
    %pushi/vec4 3, 0, 4;
    %cmp/u;
    %jmp/1 T_2.20, 6;
    %dup/vec4;
    %pushi/vec4 4, 0, 4;
    %cmp/u;
    %jmp/1 T_2.21, 6;
    %dup/vec4;
    %pushi/vec4 5, 0, 4;
    %cmp/u;
    %jmp/1 T_2.22, 6;
    %dup/vec4;
    %pushi/vec4 6, 0, 4;
    %cmp/u;
    %jmp/1 T_2.23, 6;
    %dup/vec4;
    %pushi/vec4 7, 0, 4;
    %cmp/u;
    %jmp/1 T_2.24, 6;
    %dup/vec4;
    %pushi/vec4 8, 0, 4;
    %cmp/u;
    %jmp/1 T_2.25, 6;
    %dup/vec4;
    %pushi/vec4 9, 0, 4;
    %cmp/u;
    %jmp/1 T_2.26, 6;
    %dup/vec4;
    %pushi/vec4 10, 0, 4;
    %cmp/u;
    %jmp/1 T_2.27, 6;
    %dup/vec4;
    %pushi/vec4 11, 0, 4;
    %cmp/u;
    %jmp/1 T_2.28, 6;
    %dup/vec4;
    %pushi/vec4 12, 0, 4;
    %cmp/u;
    %jmp/1 T_2.29, 6;
    %dup/vec4;
    %pushi/vec4 13, 0, 4;
    %cmp/u;
    %jmp/1 T_2.30, 6;
    %dup/vec4;
    %pushi/vec4 14, 0, 4;
    %cmp/u;
    %jmp/1 T_2.31, 6;
    %dup/vec4;
    %pushi/vec4 15, 0, 4;
    %cmp/u;
    %jmp/1 T_2.32, 6;
    %jmp T_2.33;
T_2.17 ;
    %pushi/vec4 63, 0, 7;
    %store/vec4 v0x154e36870_0, 0, 7;
    %jmp T_2.33;
T_2.18 ;
    %pushi/vec4 6, 0, 7;
    %store/vec4 v0x154e36870_0, 0, 7;
    %jmp T_2.33;
T_2.19 ;
    %pushi/vec4 91, 0, 7;
    %store/vec4 v0x154e36870_0, 0, 7;
    %jmp T_2.33;
T_2.20 ;
    %pushi/vec4 79, 0, 7;
    %store/vec4 v0x154e36870_0, 0, 7;
    %jmp T_2.33;
T_2.21 ;
    %pushi/vec4 102, 0, 7;
    %store/vec4 v0x154e36870_0, 0, 7;
    %jmp T_2.33;
T_2.22 ;
    %pushi/vec4 109, 0, 7;
    %store/vec4 v0x154e36870_0, 0, 7;
    %jmp T_2.33;
T_2.23 ;
    %pushi/vec4 125, 0, 7;
    %store/vec4 v0x154e36870_0, 0, 7;
    %jmp T_2.33;
T_2.24 ;
    %pushi/vec4 7, 0, 7;
    %store/vec4 v0x154e36870_0, 0, 7;
    %jmp T_2.33;
T_2.25 ;
    %pushi/vec4 127, 0, 7;
    %store/vec4 v0x154e36870_0, 0, 7;
    %jmp T_2.33;
T_2.26 ;
    %pushi/vec4 111, 0, 7;
    %store/vec4 v0x154e36870_0, 0, 7;
    %jmp T_2.33;
T_2.27 ;
    %pushi/vec4 119, 0, 7;
    %store/vec4 v0x154e36870_0, 0, 7;
    %jmp T_2.33;
T_2.28 ;
    %pushi/vec4 124, 0, 7;
    %store/vec4 v0x154e36870_0, 0, 7;
    %jmp T_2.33;
T_2.29 ;
    %pushi/vec4 57, 0, 7;
    %store/vec4 v0x154e36870_0, 0, 7;
    %jmp T_2.33;
T_2.30 ;
    %pushi/vec4 94, 0, 7;
    %store/vec4 v0x154e36870_0, 0, 7;
    %jmp T_2.33;
T_2.31 ;
    %pushi/vec4 121, 0, 7;
    %store/vec4 v0x154e36870_0, 0, 7;
    %jmp T_2.33;
T_2.32 ;
    %pushi/vec4 113, 0, 7;
    %store/vec4 v0x154e36870_0, 0, 7;
    %jmp T_2.33;
T_2.33 ;
    %pop/vec4 1;
    %load/vec4 v0x154e36710_0;
    %parti/s 4, 8, 5;
    %dup/vec4;
    %pushi/vec4 0, 0, 4;
    %cmp/u;
    %jmp/1 T_2.34, 6;
    %dup/vec4;
    %pushi/vec4 1, 0, 4;
    %cmp/u;
    %jmp/1 T_2.35, 6;
    %dup/vec4;
    %pushi/vec4 2, 0, 4;
    %cmp/u;
    %jmp/1 T_2.36, 6;
    %dup/vec4;
    %pushi/vec4 3, 0, 4;
    %cmp/u;
    %jmp/1 T_2.37, 6;
    %dup/vec4;
    %pushi/vec4 4, 0, 4;
    %cmp/u;
    %jmp/1 T_2.38, 6;
    %dup/vec4;
    %pushi/vec4 5, 0, 4;
    %cmp/u;
    %jmp/1 T_2.39, 6;
    %dup/vec4;
    %pushi/vec4 6, 0, 4;
    %cmp/u;
    %jmp/1 T_2.40, 6;
    %dup/vec4;
    %pushi/vec4 7, 0, 4;
    %cmp/u;
    %jmp/1 T_2.41, 6;
    %dup/vec4;
    %pushi/vec4 8, 0, 4;
    %cmp/u;
    %jmp/1 T_2.42, 6;
    %dup/vec4;
    %pushi/vec4 9, 0, 4;
    %cmp/u;
    %jmp/1 T_2.43, 6;
    %dup/vec4;
    %pushi/vec4 10, 0, 4;
    %cmp/u;
    %jmp/1 T_2.44, 6;
    %dup/vec4;
    %pushi/vec4 11, 0, 4;
    %cmp/u;
    %jmp/1 T_2.45, 6;
    %dup/vec4;
    %pushi/vec4 12, 0, 4;
    %cmp/u;
    %jmp/1 T_2.46, 6;
    %dup/vec4;
    %pushi/vec4 13, 0, 4;
    %cmp/u;
    %jmp/1 T_2.47, 6;
    %dup/vec4;
    %pushi/vec4 14, 0, 4;
    %cmp/u;
    %jmp/1 T_2.48, 6;
    %dup/vec4;
    %pushi/vec4 15, 0, 4;
    %cmp/u;
    %jmp/1 T_2.49, 6;
    %jmp T_2.50;
T_2.34 ;
    %pushi/vec4 63, 0, 7;
    %store/vec4 v0x154e36930_0, 0, 7;
    %jmp T_2.50;
T_2.35 ;
    %pushi/vec4 6, 0, 7;
    %store/vec4 v0x154e36930_0, 0, 7;
    %jmp T_2.50;
T_2.36 ;
    %pushi/vec4 91, 0, 7;
    %store/vec4 v0x154e36930_0, 0, 7;
    %jmp T_2.50;
T_2.37 ;
    %pushi/vec4 79, 0, 7;
    %store/vec4 v0x154e36930_0, 0, 7;
    %jmp T_2.50;
T_2.38 ;
    %pushi/vec4 102, 0, 7;
    %store/vec4 v0x154e36930_0, 0, 7;
    %jmp T_2.50;
T_2.39 ;
    %pushi/vec4 109, 0, 7;
    %store/vec4 v0x154e36930_0, 0, 7;
    %jmp T_2.50;
T_2.40 ;
    %pushi/vec4 125, 0, 7;
    %store/vec4 v0x154e36930_0, 0, 7;
    %jmp T_2.50;
T_2.41 ;
    %pushi/vec4 7, 0, 7;
    %store/vec4 v0x154e36930_0, 0, 7;
    %jmp T_2.50;
T_2.42 ;
    %pushi/vec4 127, 0, 7;
    %store/vec4 v0x154e36930_0, 0, 7;
    %jmp T_2.50;
T_2.43 ;
    %pushi/vec4 111, 0, 7;
    %store/vec4 v0x154e36930_0, 0, 7;
    %jmp T_2.50;
T_2.44 ;
    %pushi/vec4 119, 0, 7;
    %store/vec4 v0x154e36930_0, 0, 7;
    %jmp T_2.50;
T_2.45 ;
    %pushi/vec4 124, 0, 7;
    %store/vec4 v0x154e36930_0, 0, 7;
    %jmp T_2.50;
T_2.46 ;
    %pushi/vec4 57, 0, 7;
    %store/vec4 v0x154e36930_0, 0, 7;
    %jmp T_2.50;
T_2.47 ;
    %pushi/vec4 94, 0, 7;
    %store/vec4 v0x154e36930_0, 0, 7;
    %jmp T_2.50;
T_2.48 ;
    %pushi/vec4 121, 0, 7;
    %store/vec4 v0x154e36930_0, 0, 7;
    %jmp T_2.50;
T_2.49 ;
    %pushi/vec4 113, 0, 7;
    %store/vec4 v0x154e36930_0, 0, 7;
    %jmp T_2.50;
T_2.50 ;
    %pop/vec4 1;
    %load/vec4 v0x154e36710_0;
    %parti/s 4, 12, 5;
    %dup/vec4;
    %pushi/vec4 0, 0, 4;
    %cmp/u;
    %jmp/1 T_2.51, 6;
    %dup/vec4;
    %pushi/vec4 1, 0, 4;
    %cmp/u;
    %jmp/1 T_2.52, 6;
    %dup/vec4;
    %pushi/vec4 2, 0, 4;
    %cmp/u;
    %jmp/1 T_2.53, 6;
    %dup/vec4;
    %pushi/vec4 3, 0, 4;
    %cmp/u;
    %jmp/1 T_2.54, 6;
    %dup/vec4;
    %pushi/vec4 4, 0, 4;
    %cmp/u;
    %jmp/1 T_2.55, 6;
    %dup/vec4;
    %pushi/vec4 5, 0, 4;
    %cmp/u;
    %jmp/1 T_2.56, 6;
    %dup/vec4;
    %pushi/vec4 6, 0, 4;
    %cmp/u;
    %jmp/1 T_2.57, 6;
    %dup/vec4;
    %pushi/vec4 7, 0, 4;
    %cmp/u;
    %jmp/1 T_2.58, 6;
    %dup/vec4;
    %pushi/vec4 8, 0, 4;
    %cmp/u;
    %jmp/1 T_2.59, 6;
    %dup/vec4;
    %pushi/vec4 9, 0, 4;
    %cmp/u;
    %jmp/1 T_2.60, 6;
    %dup/vec4;
    %pushi/vec4 10, 0, 4;
    %cmp/u;
    %jmp/1 T_2.61, 6;
    %dup/vec4;
    %pushi/vec4 11, 0, 4;
    %cmp/u;
    %jmp/1 T_2.62, 6;
    %dup/vec4;
    %pushi/vec4 12, 0, 4;
    %cmp/u;
    %jmp/1 T_2.63, 6;
    %dup/vec4;
    %pushi/vec4 13, 0, 4;
    %cmp/u;
    %jmp/1 T_2.64, 6;
    %dup/vec4;
    %pushi/vec4 14, 0, 4;
    %cmp/u;
    %jmp/1 T_2.65, 6;
    %dup/vec4;
    %pushi/vec4 15, 0, 4;
    %cmp/u;
    %jmp/1 T_2.66, 6;
    %jmp T_2.67;
T_2.51 ;
    %pushi/vec4 63, 0, 7;
    %store/vec4 v0x154e369e0_0, 0, 7;
    %jmp T_2.67;
T_2.52 ;
    %pushi/vec4 6, 0, 7;
    %store/vec4 v0x154e369e0_0, 0, 7;
    %jmp T_2.67;
T_2.53 ;
    %pushi/vec4 91, 0, 7;
    %store/vec4 v0x154e369e0_0, 0, 7;
    %jmp T_2.67;
T_2.54 ;
    %pushi/vec4 79, 0, 7;
    %store/vec4 v0x154e369e0_0, 0, 7;
    %jmp T_2.67;
T_2.55 ;
    %pushi/vec4 102, 0, 7;
    %store/vec4 v0x154e369e0_0, 0, 7;
    %jmp T_2.67;
T_2.56 ;
    %pushi/vec4 109, 0, 7;
    %store/vec4 v0x154e369e0_0, 0, 7;
    %jmp T_2.67;
T_2.57 ;
    %pushi/vec4 125, 0, 7;
    %store/vec4 v0x154e369e0_0, 0, 7;
    %jmp T_2.67;
T_2.58 ;
    %pushi/vec4 7, 0, 7;
    %store/vec4 v0x154e369e0_0, 0, 7;
    %jmp T_2.67;
T_2.59 ;
    %pushi/vec4 127, 0, 7;
    %store/vec4 v0x154e369e0_0, 0, 7;
    %jmp T_2.67;
T_2.60 ;
    %pushi/vec4 111, 0, 7;
    %store/vec4 v0x154e369e0_0, 0, 7;
    %jmp T_2.67;
T_2.61 ;
    %pushi/vec4 119, 0, 7;
    %store/vec4 v0x154e369e0_0, 0, 7;
    %jmp T_2.67;
T_2.62 ;
    %pushi/vec4 124, 0, 7;
    %store/vec4 v0x154e369e0_0, 0, 7;
    %jmp T_2.67;
T_2.63 ;
    %pushi/vec4 57, 0, 7;
    %store/vec4 v0x154e369e0_0, 0, 7;
    %jmp T_2.67;
T_2.64 ;
    %pushi/vec4 94, 0, 7;
    %store/vec4 v0x154e369e0_0, 0, 7;
    %jmp T_2.67;
T_2.65 ;
    %pushi/vec4 121, 0, 7;
    %store/vec4 v0x154e369e0_0, 0, 7;
    %jmp T_2.67;
T_2.66 ;
    %pushi/vec4 113, 0, 7;
    %store/vec4 v0x154e369e0_0, 0, 7;
    %jmp T_2.67;
T_2.67 ;
    %pop/vec4 1;
    %jmp T_2;
    .thread T_2, $push;
    .scope S_0x154e0c940;
T_3 ;
    %vpi_call 2 40 "$dumpfile", "wave.vcd" {0 0 0};
    %vpi_call 2 41 "$dumpvars", 32'sb00000000000000000000000000000000, S_0x154e0c940 {0 0 0};
    %vpi_call 2 43 "$monitor", "time=%0d, a=%d, b=%d, y=%d, remainder=%d", $time, v0x154e36b50_0, v0x154e36c00_0, v0x154e37040_0, v0x154e36f90_0 {0 0 0};
    %delay 10, 0;
    %pushi/vec4 100, 0, 16;
    %store/vec4 v0x154e36b50_0, 0, 16;
    %pushi/vec4 3, 0, 16;
    %store/vec4 v0x154e36c00_0, 0, 16;
    %delay 10, 0;
    %pushi/vec4 50, 0, 16;
    %store/vec4 v0x154e36b50_0, 0, 16;
    %pushi/vec4 7, 0, 16;
    %store/vec4 v0x154e36c00_0, 0, 16;
    %delay 10, 0;
    %pushi/vec4 200, 0, 16;
    %store/vec4 v0x154e36b50_0, 0, 16;
    %pushi/vec4 15, 0, 16;
    %store/vec4 v0x154e36c00_0, 0, 16;
    %delay 10, 0;
    %pushi/vec4 1234, 0, 16;
    %store/vec4 v0x154e36b50_0, 0, 16;
    %pushi/vec4 56, 0, 16;
    %store/vec4 v0x154e36c00_0, 0, 16;
    %delay 10, 0;
    %pushi/vec4 65535, 0, 16;
    %store/vec4 v0x154e36b50_0, 0, 16;
    %pushi/vec4 255, 0, 16;
    %store/vec4 v0x154e36c00_0, 0, 16;
    %delay 10, 0;
    %vpi_call 2 73 "$finish" {0 0 0};
    %end;
    .thread T_3;
# The file index is used to find the file name in the following table.
:file_names 5;
    "N/A";
    "<interactive>";
    "./test/devision_comb_tb.v";
    "/Users/baijiale/Documents/Code/fpga-design-uestc/stage1/task3_devision_16bits_int_comb/mod/devision_comb.v";
    "/Users/baijiale/Documents/Code/fpga-design-uestc/stage1/task3_devision_16bits_int_comb/mod/led_encoder.v";
