#! /opt/homebrew/Cellar/icarus-verilog/12.0/bin/vvp
:ivl_version "12.0 (stable)";
:ivl_delay_selection "TYPICAL";
:vpi_time_precision - 9;
:vpi_module "/opt/homebrew/Cellar/icarus-verilog/12.0/lib/ivl/system.vpi";
:vpi_module "/opt/homebrew/Cellar/icarus-verilog/12.0/lib/ivl/vhdl_sys.vpi";
:vpi_module "/opt/homebrew/Cellar/icarus-verilog/12.0/lib/ivl/vhdl_textio.vpi";
:vpi_module "/opt/homebrew/Cellar/icarus-verilog/12.0/lib/ivl/v2005_math.vpi";
:vpi_module "/opt/homebrew/Cellar/icarus-verilog/12.0/lib/ivl/va_math.vpi";
S_0x10d704170 .scope module, "devision_seq_tb" "devision_seq_tb" 2 7;
 .timescale -9 -9;
v0x10d715b90_0 .var "a", 15 0;
v0x10d715c20_0 .var "b", 15 0;
v0x10d715cb0_0 .var "clk", 0 0;
v0x10d715d60_0 .net "done", 0 0, v0x10d714c20_0;  1 drivers
v0x10d715e10_0 .net "out1", 6 0, v0x10d715790_0;  1 drivers
v0x10d715ee0_0 .net "out2", 6 0, v0x10d715840_0;  1 drivers
v0x10d715f90_0 .net "out3", 6 0, v0x10d7158f0_0;  1 drivers
v0x10d716040_0 .net "out4", 6 0, v0x10d7159a0_0;  1 drivers
v0x10d7160f0_0 .net "remainder", 15 0, v0x10d714cc0_0;  1 drivers
v0x10d716220_0 .var "rst", 0 0;
v0x10d7162b0_0 .var "start", 0 0;
v0x10d716340_0 .net "y", 15 0, v0x10d714fc0_0;  1 drivers
E_0x10d7042f0 .event anyedge, v0x10d714c20_0;
S_0x10d704350 .scope module, "uut" "devision_seq" 2 21, 3 7 0, S_0x10d704170;
 .timescale -9 -9;
    .port_info 0 /INPUT 1 "clk";
    .port_info 1 /INPUT 1 "rst";
    .port_info 2 /INPUT 1 "start";
    .port_info 3 /OUTPUT 1 "done";
    .port_info 4 /INPUT 16 "a";
    .port_info 5 /INPUT 16 "b";
    .port_info 6 /OUTPUT 16 "y";
    .port_info 7 /OUTPUT 16 "remainder";
P_0x10d704520 .param/l "WIDTH" 0 3 8, +C4<00000000000000000000000000010000>;
v0x10d704780_0 .var "Ra", 31 0;
v0x10d714840_0 .var "Rb", 15 0;
v0x10d7148e0_0 .var "Rc", 15 0;
v0x10d714970_0 .net "a", 15 0, v0x10d715b90_0;  1 drivers
v0x10d714a00_0 .net "b", 15 0, v0x10d715c20_0;  1 drivers
v0x10d714ad0_0 .net "clk", 0 0, v0x10d715cb0_0;  1 drivers
v0x10d714b70_0 .var "count", 5 0;
v0x10d714c20_0 .var "done", 0 0;
v0x10d714cc0_0 .var "remainder", 15 0;
v0x10d714dd0_0 .net "rst", 0 0, v0x10d716220_0;  1 drivers
v0x10d714e70_0 .net "start", 0 0, v0x10d7162b0_0;  1 drivers
v0x10d714f10_0 .var "state", 1 0;
v0x10d714fc0_0 .var "y", 15 0;
E_0x10d704720 .event posedge, v0x10d714dd0_0, v0x10d714ad0_0;
S_0x10d7150f0 .scope module, "uut_led" "led_encoder" 2 32, 4 7 0, S_0x10d704170;
 .timescale -9 -9;
    .port_info 0 /INPUT 16 "in";
    .port_info 1 /OUTPUT 7 "out1";
    .port_info 2 /OUTPUT 7 "out2";
    .port_info 3 /OUTPUT 7 "out3";
    .port_info 4 /OUTPUT 7 "out4";
    .port_info 5 /OUTPUT 1 "led1";
    .port_info 6 /OUTPUT 1 "led2";
    .port_info 7 /OUTPUT 1 "led3";
    .port_info 8 /OUTPUT 1 "led4";
v0x10d715400_0 .net "in", 15 0, v0x10d714fc0_0;  alias, 1 drivers
v0x10d7154d0_0 .var "led1", 0 0;
v0x10d715560_0 .var "led2", 0 0;
v0x10d715610_0 .var "led3", 0 0;
v0x10d7156b0_0 .var "led4", 0 0;
v0x10d715790_0 .var "out1", 6 0;
v0x10d715840_0 .var "out2", 6 0;
v0x10d7158f0_0 .var "out3", 6 0;
v0x10d7159a0_0 .var "out4", 6 0;
E_0x10d704620 .event anyedge, v0x10d714fc0_0;
    .scope S_0x10d704350;
T_0 ;
    %pushi/vec4 0, 0, 2;
    %store/vec4 v0x10d714f10_0, 0, 2;
    %pushi/vec4 0, 0, 1;
    %store/vec4 v0x10d714c20_0, 0, 1;
    %end;
    .thread T_0;
    .scope S_0x10d704350;
T_1 ;
    %wait E_0x10d704720;
    %load/vec4 v0x10d714dd0_0;
    %flag_set/vec4 8;
    %jmp/0xz  T_1.0, 8;
    %pushi/vec4 0, 0, 2;
    %assign/vec4 v0x10d714f10_0, 0;
    %pushi/vec4 0, 0, 1;
    %assign/vec4 v0x10d714c20_0, 0;
    %pushi/vec4 0, 0, 16;
    %assign/vec4 v0x10d714fc0_0, 0;
    %pushi/vec4 0, 0, 16;
    %assign/vec4 v0x10d714cc0_0, 0;
    %jmp T_1.1;
T_1.0 ;
    %load/vec4 v0x10d714f10_0;
    %dup/vec4;
    %pushi/vec4 0, 0, 2;
    %cmp/u;
    %jmp/1 T_1.2, 6;
    %dup/vec4;
    %pushi/vec4 1, 0, 2;
    %cmp/u;
    %jmp/1 T_1.3, 6;
    %dup/vec4;
    %pushi/vec4 2, 0, 2;
    %cmp/u;
    %jmp/1 T_1.4, 6;
    %jmp T_1.5;
T_1.2 ;
    %pushi/vec4 16, 0, 6;
    %assign/vec4 v0x10d714b70_0, 0;
    %load/vec4 v0x10d714e70_0;
    %flag_set/vec4 8;
    %jmp/0xz  T_1.6, 8;
    %pushi/vec4 0, 0, 16;
    %load/vec4 v0x10d714970_0;
    %concat/vec4; draw_concat_vec4
    %store/vec4 v0x10d704780_0, 0, 32;
    %load/vec4 v0x10d714a00_0;
    %store/vec4 v0x10d714840_0, 0, 16;
    %pushi/vec4 0, 0, 16;
    %store/vec4 v0x10d7148e0_0, 0, 16;
    %pushi/vec4 1, 0, 2;
    %assign/vec4 v0x10d714f10_0, 0;
T_1.6 ;
    %jmp T_1.5;
T_1.3 ;
    %load/vec4 v0x10d714b70_0;
    %pad/u 32;
    %cmpi/ne 0, 0, 32;
    %jmp/0xz  T_1.8, 4;
    %load/vec4 v0x10d704780_0;
    %ix/load 4, 1, 0;
    %flag_set/imm 4, 0;
    %shiftl 4;
    %store/vec4 v0x10d704780_0, 0, 32;
    %load/vec4 v0x10d7148e0_0;
    %ix/load 4, 1, 0;
    %flag_set/imm 4, 0;
    %shiftl 4;
    %store/vec4 v0x10d7148e0_0, 0, 16;
    %load/vec4 v0x10d714840_0;
    %load/vec4 v0x10d704780_0;
    %parti/s 16, 16, 6;
    %cmp/u;
    %flag_or 5, 4;
    %jmp/0xz  T_1.10, 5;
    %load/vec4 v0x10d704780_0;
    %parti/s 16, 16, 6;
    %load/vec4 v0x10d714840_0;
    %sub;
    %ix/load 4, 16, 0;
    %flag_set/imm 4, 0;
    %store/vec4 v0x10d704780_0, 4, 16;
    %pushi/vec4 1, 0, 1;
    %ix/load 4, 0, 0;
    %flag_set/imm 4, 0;
    %store/vec4 v0x10d7148e0_0, 4, 1;
    %jmp T_1.11;
T_1.10 ;
    %pushi/vec4 0, 0, 1;
    %ix/load 4, 0, 0;
    %flag_set/imm 4, 0;
    %store/vec4 v0x10d7148e0_0, 4, 1;
T_1.11 ;
    %load/vec4 v0x10d714b70_0;
    %subi 1, 0, 6;
    %assign/vec4 v0x10d714b70_0, 0;
    %jmp T_1.9;
T_1.8 ;
    %load/vec4 v0x10d7148e0_0;
    %store/vec4 v0x10d714fc0_0, 0, 16;
    %load/vec4 v0x10d704780_0;
    %parti/s 16, 16, 6;
    %store/vec4 v0x10d714cc0_0, 0, 16;
    %pushi/vec4 2, 0, 2;
    %assign/vec4 v0x10d714f10_0, 0;
T_1.9 ;
    %jmp T_1.5;
T_1.4 ;
    %pushi/vec4 1, 0, 1;
    %assign/vec4 v0x10d714c20_0, 0;
    %pushi/vec4 0, 0, 2;
    %assign/vec4 v0x10d714f10_0, 0;
    %jmp T_1.5;
T_1.5 ;
    %pop/vec4 1;
T_1.1 ;
    %jmp T_1;
    .thread T_1;
    .scope S_0x10d7150f0;
T_2 ;
    %wait E_0x10d704620;
    %pushi/vec4 1, 0, 1;
    %store/vec4 v0x10d7154d0_0, 0, 1;
    %delay 10, 0;
    %load/vec4 v0x10d715400_0;
    %parti/s 4, 0, 2;
    %dup/vec4;
    %pushi/vec4 0, 0, 4;
    %cmp/u;
    %jmp/1 T_2.0, 6;
    %dup/vec4;
    %pushi/vec4 1, 0, 4;
    %cmp/u;
    %jmp/1 T_2.1, 6;
    %dup/vec4;
    %pushi/vec4 2, 0, 4;
    %cmp/u;
    %jmp/1 T_2.2, 6;
    %dup/vec4;
    %pushi/vec4 3, 0, 4;
    %cmp/u;
    %jmp/1 T_2.3, 6;
    %dup/vec4;
    %pushi/vec4 4, 0, 4;
    %cmp/u;
    %jmp/1 T_2.4, 6;
    %dup/vec4;
    %pushi/vec4 5, 0, 4;
    %cmp/u;
    %jmp/1 T_2.5, 6;
    %dup/vec4;
    %pushi/vec4 6, 0, 4;
    %cmp/u;
    %jmp/1 T_2.6, 6;
    %dup/vec4;
    %pushi/vec4 7, 0, 4;
    %cmp/u;
    %jmp/1 T_2.7, 6;
    %dup/vec4;
    %pushi/vec4 8, 0, 4;
    %cmp/u;
    %jmp/1 T_2.8, 6;
    %dup/vec4;
    %pushi/vec4 9, 0, 4;
    %cmp/u;
    %jmp/1 T_2.9, 6;
    %dup/vec4;
    %pushi/vec4 10, 0, 4;
    %cmp/u;
    %jmp/1 T_2.10, 6;
    %dup/vec4;
    %pushi/vec4 11, 0, 4;
    %cmp/u;
    %jmp/1 T_2.11, 6;
    %dup/vec4;
    %pushi/vec4 12, 0, 4;
    %cmp/u;
    %jmp/1 T_2.12, 6;
    %dup/vec4;
    %pushi/vec4 13, 0, 4;
    %cmp/u;
    %jmp/1 T_2.13, 6;
    %dup/vec4;
    %pushi/vec4 14, 0, 4;
    %cmp/u;
    %jmp/1 T_2.14, 6;
    %dup/vec4;
    %pushi/vec4 15, 0, 4;
    %cmp/u;
    %jmp/1 T_2.15, 6;
    %jmp T_2.16;
T_2.0 ;
    %pushi/vec4 63, 0, 7;
    %store/vec4 v0x10d715790_0, 0, 7;
    %jmp T_2.16;
T_2.1 ;
    %pushi/vec4 6, 0, 7;
    %store/vec4 v0x10d715790_0, 0, 7;
    %jmp T_2.16;
T_2.2 ;
    %pushi/vec4 91, 0, 7;
    %store/vec4 v0x10d715790_0, 0, 7;
    %jmp T_2.16;
T_2.3 ;
    %pushi/vec4 79, 0, 7;
    %store/vec4 v0x10d715790_0, 0, 7;
    %jmp T_2.16;
T_2.4 ;
    %pushi/vec4 102, 0, 7;
    %store/vec4 v0x10d715790_0, 0, 7;
    %jmp T_2.16;
T_2.5 ;
    %pushi/vec4 109, 0, 7;
    %store/vec4 v0x10d715790_0, 0, 7;
    %jmp T_2.16;
T_2.6 ;
    %pushi/vec4 125, 0, 7;
    %store/vec4 v0x10d715790_0, 0, 7;
    %jmp T_2.16;
T_2.7 ;
    %pushi/vec4 7, 0, 7;
    %store/vec4 v0x10d715790_0, 0, 7;
    %jmp T_2.16;
T_2.8 ;
    %pushi/vec4 127, 0, 7;
    %store/vec4 v0x10d715790_0, 0, 7;
    %jmp T_2.16;
T_2.9 ;
    %pushi/vec4 111, 0, 7;
    %store/vec4 v0x10d715790_0, 0, 7;
    %jmp T_2.16;
T_2.10 ;
    %pushi/vec4 119, 0, 7;
    %store/vec4 v0x10d715790_0, 0, 7;
    %jmp T_2.16;
T_2.11 ;
    %pushi/vec4 124, 0, 7;
    %store/vec4 v0x10d715790_0, 0, 7;
    %jmp T_2.16;
T_2.12 ;
    %pushi/vec4 57, 0, 7;
    %store/vec4 v0x10d715790_0, 0, 7;
    %jmp T_2.16;
T_2.13 ;
    %pushi/vec4 94, 0, 7;
    %store/vec4 v0x10d715790_0, 0, 7;
    %jmp T_2.16;
T_2.14 ;
    %pushi/vec4 121, 0, 7;
    %store/vec4 v0x10d715790_0, 0, 7;
    %jmp T_2.16;
T_2.15 ;
    %pushi/vec4 113, 0, 7;
    %store/vec4 v0x10d715790_0, 0, 7;
    %jmp T_2.16;
T_2.16 ;
    %pop/vec4 1;
    %pushi/vec4 0, 0, 1;
    %store/vec4 v0x10d7154d0_0, 0, 1;
    %pushi/vec4 1, 0, 1;
    %store/vec4 v0x10d715560_0, 0, 1;
    %delay 10, 0;
    %load/vec4 v0x10d715400_0;
    %parti/s 4, 4, 4;
    %dup/vec4;
    %pushi/vec4 0, 0, 4;
    %cmp/u;
    %jmp/1 T_2.17, 6;
    %dup/vec4;
    %pushi/vec4 1, 0, 4;
    %cmp/u;
    %jmp/1 T_2.18, 6;
    %dup/vec4;
    %pushi/vec4 2, 0, 4;
    %cmp/u;
    %jmp/1 T_2.19, 6;
    %dup/vec4;
    %pushi/vec4 3, 0, 4;
    %cmp/u;
    %jmp/1 T_2.20, 6;
    %dup/vec4;
    %pushi/vec4 4, 0, 4;
    %cmp/u;
    %jmp/1 T_2.21, 6;
    %dup/vec4;
    %pushi/vec4 5, 0, 4;
    %cmp/u;
    %jmp/1 T_2.22, 6;
    %dup/vec4;
    %pushi/vec4 6, 0, 4;
    %cmp/u;
    %jmp/1 T_2.23, 6;
    %dup/vec4;
    %pushi/vec4 7, 0, 4;
    %cmp/u;
    %jmp/1 T_2.24, 6;
    %dup/vec4;
    %pushi/vec4 8, 0, 4;
    %cmp/u;
    %jmp/1 T_2.25, 6;
    %dup/vec4;
    %pushi/vec4 9, 0, 4;
    %cmp/u;
    %jmp/1 T_2.26, 6;
    %dup/vec4;
    %pushi/vec4 10, 0, 4;
    %cmp/u;
    %jmp/1 T_2.27, 6;
    %dup/vec4;
    %pushi/vec4 11, 0, 4;
    %cmp/u;
    %jmp/1 T_2.28, 6;
    %dup/vec4;
    %pushi/vec4 12, 0, 4;
    %cmp/u;
    %jmp/1 T_2.29, 6;
    %dup/vec4;
    %pushi/vec4 13, 0, 4;
    %cmp/u;
    %jmp/1 T_2.30, 6;
    %dup/vec4;
    %pushi/vec4 14, 0, 4;
    %cmp/u;
    %jmp/1 T_2.31, 6;
    %dup/vec4;
    %pushi/vec4 15, 0, 4;
    %cmp/u;
    %jmp/1 T_2.32, 6;
    %jmp T_2.33;
T_2.17 ;
    %pushi/vec4 63, 0, 7;
    %store/vec4 v0x10d715840_0, 0, 7;
    %jmp T_2.33;
T_2.18 ;
    %pushi/vec4 6, 0, 7;
    %store/vec4 v0x10d715840_0, 0, 7;
    %jmp T_2.33;
T_2.19 ;
    %pushi/vec4 91, 0, 7;
    %store/vec4 v0x10d715840_0, 0, 7;
    %jmp T_2.33;
T_2.20 ;
    %pushi/vec4 79, 0, 7;
    %store/vec4 v0x10d715840_0, 0, 7;
    %jmp T_2.33;
T_2.21 ;
    %pushi/vec4 102, 0, 7;
    %store/vec4 v0x10d715840_0, 0, 7;
    %jmp T_2.33;
T_2.22 ;
    %pushi/vec4 109, 0, 7;
    %store/vec4 v0x10d715840_0, 0, 7;
    %jmp T_2.33;
T_2.23 ;
    %pushi/vec4 125, 0, 7;
    %store/vec4 v0x10d715840_0, 0, 7;
    %jmp T_2.33;
T_2.24 ;
    %pushi/vec4 7, 0, 7;
    %store/vec4 v0x10d715840_0, 0, 7;
    %jmp T_2.33;
T_2.25 ;
    %pushi/vec4 127, 0, 7;
    %store/vec4 v0x10d715840_0, 0, 7;
    %jmp T_2.33;
T_2.26 ;
    %pushi/vec4 111, 0, 7;
    %store/vec4 v0x10d715840_0, 0, 7;
    %jmp T_2.33;
T_2.27 ;
    %pushi/vec4 119, 0, 7;
    %store/vec4 v0x10d715840_0, 0, 7;
    %jmp T_2.33;
T_2.28 ;
    %pushi/vec4 124, 0, 7;
    %store/vec4 v0x10d715840_0, 0, 7;
    %jmp T_2.33;
T_2.29 ;
    %pushi/vec4 57, 0, 7;
    %store/vec4 v0x10d715840_0, 0, 7;
    %jmp T_2.33;
T_2.30 ;
    %pushi/vec4 94, 0, 7;
    %store/vec4 v0x10d715840_0, 0, 7;
    %jmp T_2.33;
T_2.31 ;
    %pushi/vec4 121, 0, 7;
    %store/vec4 v0x10d715840_0, 0, 7;
    %jmp T_2.33;
T_2.32 ;
    %pushi/vec4 113, 0, 7;
    %store/vec4 v0x10d715840_0, 0, 7;
    %jmp T_2.33;
T_2.33 ;
    %pop/vec4 1;
    %pushi/vec4 0, 0, 1;
    %store/vec4 v0x10d7154d0_0, 0, 1;
    %pushi/vec4 0, 0, 1;
    %store/vec4 v0x10d715560_0, 0, 1;
    %pushi/vec4 1, 0, 1;
    %store/vec4 v0x10d715610_0, 0, 1;
    %delay 10, 0;
    %load/vec4 v0x10d715400_0;
    %parti/s 4, 8, 5;
    %dup/vec4;
    %pushi/vec4 0, 0, 4;
    %cmp/u;
    %jmp/1 T_2.34, 6;
    %dup/vec4;
    %pushi/vec4 1, 0, 4;
    %cmp/u;
    %jmp/1 T_2.35, 6;
    %dup/vec4;
    %pushi/vec4 2, 0, 4;
    %cmp/u;
    %jmp/1 T_2.36, 6;
    %dup/vec4;
    %pushi/vec4 3, 0, 4;
    %cmp/u;
    %jmp/1 T_2.37, 6;
    %dup/vec4;
    %pushi/vec4 4, 0, 4;
    %cmp/u;
    %jmp/1 T_2.38, 6;
    %dup/vec4;
    %pushi/vec4 5, 0, 4;
    %cmp/u;
    %jmp/1 T_2.39, 6;
    %dup/vec4;
    %pushi/vec4 6, 0, 4;
    %cmp/u;
    %jmp/1 T_2.40, 6;
    %dup/vec4;
    %pushi/vec4 7, 0, 4;
    %cmp/u;
    %jmp/1 T_2.41, 6;
    %dup/vec4;
    %pushi/vec4 8, 0, 4;
    %cmp/u;
    %jmp/1 T_2.42, 6;
    %dup/vec4;
    %pushi/vec4 9, 0, 4;
    %cmp/u;
    %jmp/1 T_2.43, 6;
    %dup/vec4;
    %pushi/vec4 10, 0, 4;
    %cmp/u;
    %jmp/1 T_2.44, 6;
    %dup/vec4;
    %pushi/vec4 11, 0, 4;
    %cmp/u;
    %jmp/1 T_2.45, 6;
    %dup/vec4;
    %pushi/vec4 12, 0, 4;
    %cmp/u;
    %jmp/1 T_2.46, 6;
    %dup/vec4;
    %pushi/vec4 13, 0, 4;
    %cmp/u;
    %jmp/1 T_2.47, 6;
    %dup/vec4;
    %pushi/vec4 14, 0, 4;
    %cmp/u;
    %jmp/1 T_2.48, 6;
    %dup/vec4;
    %pushi/vec4 15, 0, 4;
    %cmp/u;
    %jmp/1 T_2.49, 6;
    %jmp T_2.50;
T_2.34 ;
    %pushi/vec4 63, 0, 7;
    %store/vec4 v0x10d7158f0_0, 0, 7;
    %jmp T_2.50;
T_2.35 ;
    %pushi/vec4 6, 0, 7;
    %store/vec4 v0x10d7158f0_0, 0, 7;
    %jmp T_2.50;
T_2.36 ;
    %pushi/vec4 91, 0, 7;
    %store/vec4 v0x10d7158f0_0, 0, 7;
    %jmp T_2.50;
T_2.37 ;
    %pushi/vec4 79, 0, 7;
    %store/vec4 v0x10d7158f0_0, 0, 7;
    %jmp T_2.50;
T_2.38 ;
    %pushi/vec4 102, 0, 7;
    %store/vec4 v0x10d7158f0_0, 0, 7;
    %jmp T_2.50;
T_2.39 ;
    %pushi/vec4 109, 0, 7;
    %store/vec4 v0x10d7158f0_0, 0, 7;
    %jmp T_2.50;
T_2.40 ;
    %pushi/vec4 125, 0, 7;
    %store/vec4 v0x10d7158f0_0, 0, 7;
    %jmp T_2.50;
T_2.41 ;
    %pushi/vec4 7, 0, 7;
    %store/vec4 v0x10d7158f0_0, 0, 7;
    %jmp T_2.50;
T_2.42 ;
    %pushi/vec4 127, 0, 7;
    %store/vec4 v0x10d7158f0_0, 0, 7;
    %jmp T_2.50;
T_2.43 ;
    %pushi/vec4 111, 0, 7;
    %store/vec4 v0x10d7158f0_0, 0, 7;
    %jmp T_2.50;
T_2.44 ;
    %pushi/vec4 119, 0, 7;
    %store/vec4 v0x10d7158f0_0, 0, 7;
    %jmp T_2.50;
T_2.45 ;
    %pushi/vec4 124, 0, 7;
    %store/vec4 v0x10d7158f0_0, 0, 7;
    %jmp T_2.50;
T_2.46 ;
    %pushi/vec4 57, 0, 7;
    %store/vec4 v0x10d7158f0_0, 0, 7;
    %jmp T_2.50;
T_2.47 ;
    %pushi/vec4 94, 0, 7;
    %store/vec4 v0x10d7158f0_0, 0, 7;
    %jmp T_2.50;
T_2.48 ;
    %pushi/vec4 121, 0, 7;
    %store/vec4 v0x10d7158f0_0, 0, 7;
    %jmp T_2.50;
T_2.49 ;
    %pushi/vec4 113, 0, 7;
    %store/vec4 v0x10d7158f0_0, 0, 7;
    %jmp T_2.50;
T_2.50 ;
    %pop/vec4 1;
    %pushi/vec4 0, 0, 1;
    %store/vec4 v0x10d7154d0_0, 0, 1;
    %pushi/vec4 0, 0, 1;
    %store/vec4 v0x10d715560_0, 0, 1;
    %pushi/vec4 0, 0, 1;
    %store/vec4 v0x10d715610_0, 0, 1;
    %pushi/vec4 1, 0, 1;
    %store/vec4 v0x10d7156b0_0, 0, 1;
    %delay 10, 0;
    %load/vec4 v0x10d715400_0;
    %parti/s 4, 12, 5;
    %dup/vec4;
    %pushi/vec4 0, 0, 4;
    %cmp/u;
    %jmp/1 T_2.51, 6;
    %dup/vec4;
    %pushi/vec4 1, 0, 4;
    %cmp/u;
    %jmp/1 T_2.52, 6;
    %dup/vec4;
    %pushi/vec4 2, 0, 4;
    %cmp/u;
    %jmp/1 T_2.53, 6;
    %dup/vec4;
    %pushi/vec4 3, 0, 4;
    %cmp/u;
    %jmp/1 T_2.54, 6;
    %dup/vec4;
    %pushi/vec4 4, 0, 4;
    %cmp/u;
    %jmp/1 T_2.55, 6;
    %dup/vec4;
    %pushi/vec4 5, 0, 4;
    %cmp/u;
    %jmp/1 T_2.56, 6;
    %dup/vec4;
    %pushi/vec4 6, 0, 4;
    %cmp/u;
    %jmp/1 T_2.57, 6;
    %dup/vec4;
    %pushi/vec4 7, 0, 4;
    %cmp/u;
    %jmp/1 T_2.58, 6;
    %dup/vec4;
    %pushi/vec4 8, 0, 4;
    %cmp/u;
    %jmp/1 T_2.59, 6;
    %dup/vec4;
    %pushi/vec4 9, 0, 4;
    %cmp/u;
    %jmp/1 T_2.60, 6;
    %dup/vec4;
    %pushi/vec4 10, 0, 4;
    %cmp/u;
    %jmp/1 T_2.61, 6;
    %dup/vec4;
    %pushi/vec4 11, 0, 4;
    %cmp/u;
    %jmp/1 T_2.62, 6;
    %dup/vec4;
    %pushi/vec4 12, 0, 4;
    %cmp/u;
    %jmp/1 T_2.63, 6;
    %dup/vec4;
    %pushi/vec4 13, 0, 4;
    %cmp/u;
    %jmp/1 T_2.64, 6;
    %dup/vec4;
    %pushi/vec4 14, 0, 4;
    %cmp/u;
    %jmp/1 T_2.65, 6;
    %dup/vec4;
    %pushi/vec4 15, 0, 4;
    %cmp/u;
    %jmp/1 T_2.66, 6;
    %jmp T_2.67;
T_2.51 ;
    %pushi/vec4 63, 0, 7;
    %store/vec4 v0x10d7159a0_0, 0, 7;
    %jmp T_2.67;
T_2.52 ;
    %pushi/vec4 6, 0, 7;
    %store/vec4 v0x10d7159a0_0, 0, 7;
    %jmp T_2.67;
T_2.53 ;
    %pushi/vec4 91, 0, 7;
    %store/vec4 v0x10d7159a0_0, 0, 7;
    %jmp T_2.67;
T_2.54 ;
    %pushi/vec4 79, 0, 7;
    %store/vec4 v0x10d7159a0_0, 0, 7;
    %jmp T_2.67;
T_2.55 ;
    %pushi/vec4 102, 0, 7;
    %store/vec4 v0x10d7159a0_0, 0, 7;
    %jmp T_2.67;
T_2.56 ;
    %pushi/vec4 109, 0, 7;
    %store/vec4 v0x10d7159a0_0, 0, 7;
    %jmp T_2.67;
T_2.57 ;
    %pushi/vec4 125, 0, 7;
    %store/vec4 v0x10d7159a0_0, 0, 7;
    %jmp T_2.67;
T_2.58 ;
    %pushi/vec4 7, 0, 7;
    %store/vec4 v0x10d7159a0_0, 0, 7;
    %jmp T_2.67;
T_2.59 ;
    %pushi/vec4 127, 0, 7;
    %store/vec4 v0x10d7159a0_0, 0, 7;
    %jmp T_2.67;
T_2.60 ;
    %pushi/vec4 111, 0, 7;
    %store/vec4 v0x10d7159a0_0, 0, 7;
    %jmp T_2.67;
T_2.61 ;
    %pushi/vec4 119, 0, 7;
    %store/vec4 v0x10d7159a0_0, 0, 7;
    %jmp T_2.67;
T_2.62 ;
    %pushi/vec4 124, 0, 7;
    %store/vec4 v0x10d7159a0_0, 0, 7;
    %jmp T_2.67;
T_2.63 ;
    %pushi/vec4 57, 0, 7;
    %store/vec4 v0x10d7159a0_0, 0, 7;
    %jmp T_2.67;
T_2.64 ;
    %pushi/vec4 94, 0, 7;
    %store/vec4 v0x10d7159a0_0, 0, 7;
    %jmp T_2.67;
T_2.65 ;
    %pushi/vec4 121, 0, 7;
    %store/vec4 v0x10d7159a0_0, 0, 7;
    %jmp T_2.67;
T_2.66 ;
    %pushi/vec4 113, 0, 7;
    %store/vec4 v0x10d7159a0_0, 0, 7;
    %jmp T_2.67;
T_2.67 ;
    %pop/vec4 1;
    %jmp T_2;
    .thread T_2, $push;
    .scope S_0x10d704170;
T_3 ;
    %vpi_call 2 41 "$dumpfile", "wave.vcd" {0 0 0};
    %vpi_call 2 42 "$dumpvars", 32'sb00000000000000000000000000000000, S_0x10d704170 {0 0 0};
    %pushi/vec4 0, 0, 1;
    %store/vec4 v0x10d715cb0_0, 0, 1;
    %pushi/vec4 0, 0, 1;
    %store/vec4 v0x10d716220_0, 0, 1;
    %pushi/vec4 0, 0, 1;
    %store/vec4 v0x10d7162b0_0, 0, 1;
    %pushi/vec4 0, 0, 16;
    %store/vec4 v0x10d715b90_0, 0, 16;
    %pushi/vec4 0, 0, 16;
    %store/vec4 v0x10d715c20_0, 0, 16;
    %end;
    .thread T_3;
    .scope S_0x10d704170;
T_4 ;
    %delay 5, 0;
    %load/vec4 v0x10d715cb0_0;
    %inv;
    %store/vec4 v0x10d715cb0_0, 0, 1;
    %jmp T_4;
    .thread T_4;
    .scope S_0x10d704170;
T_5 ;
    %pushi/vec4 1, 0, 1;
    %store/vec4 v0x10d716220_0, 0, 1;
    %delay 10, 0;
    %pushi/vec4 0, 0, 1;
    %store/vec4 v0x10d716220_0, 0, 1;
    %pushi/vec4 110, 0, 16;
    %store/vec4 v0x10d715b90_0, 0, 16;
    %pushi/vec4 25, 0, 16;
    %store/vec4 v0x10d715c20_0, 0, 16;
    %pushi/vec4 1, 0, 1;
    %store/vec4 v0x10d7162b0_0, 0, 1;
    %delay 10, 0;
    %pushi/vec4 0, 0, 1;
    %store/vec4 v0x10d7162b0_0, 0, 1;
T_5.0 ;
    %load/vec4 v0x10d715d60_0;
    %cmpi/ne 1, 0, 1;
    %jmp/0xz T_5.1, 6;
    %wait E_0x10d7042f0;
    %jmp T_5.0;
T_5.1 ;
    %delay 50, 0;
    %pushi/vec4 1, 0, 1;
    %store/vec4 v0x10d716220_0, 0, 1;
    %delay 10, 0;
    %pushi/vec4 0, 0, 1;
    %store/vec4 v0x10d716220_0, 0, 1;
    %pushi/vec4 32200, 0, 16;
    %store/vec4 v0x10d715b90_0, 0, 16;
    %pushi/vec4 37, 0, 16;
    %store/vec4 v0x10d715c20_0, 0, 16;
    %pushi/vec4 1, 0, 1;
    %store/vec4 v0x10d7162b0_0, 0, 1;
    %delay 10, 0;
    %pushi/vec4 0, 0, 1;
    %store/vec4 v0x10d7162b0_0, 0, 1;
T_5.2 ;
    %load/vec4 v0x10d715d60_0;
    %cmpi/ne 1, 0, 1;
    %jmp/0xz T_5.3, 6;
    %wait E_0x10d7042f0;
    %jmp T_5.2;
T_5.3 ;
    %delay 50, 0;
    %pushi/vec4 1, 0, 1;
    %store/vec4 v0x10d716220_0, 0, 1;
    %delay 10, 0;
    %pushi/vec4 0, 0, 1;
    %store/vec4 v0x10d716220_0, 0, 1;
    %pushi/vec4 1234, 0, 16;
    %store/vec4 v0x10d715b90_0, 0, 16;
    %pushi/vec4 56, 0, 16;
    %store/vec4 v0x10d715c20_0, 0, 16;
    %pushi/vec4 1, 0, 1;
    %store/vec4 v0x10d7162b0_0, 0, 1;
    %delay 10, 0;
    %pushi/vec4 0, 0, 1;
    %store/vec4 v0x10d7162b0_0, 0, 1;
T_5.4 ;
    %load/vec4 v0x10d715d60_0;
    %cmpi/ne 1, 0, 1;
    %jmp/0xz T_5.5, 6;
    %wait E_0x10d7042f0;
    %jmp T_5.4;
T_5.5 ;
    %delay 50, 0;
    %vpi_call 2 90 "$finish" {0 0 0};
    %end;
    .thread T_5;
# The file index is used to find the file name in the following table.
:file_names 5;
    "N/A";
    "<interactive>";
    "./test/devision_seq_tb.v";
    "./src/devision_seq.v";
    "./src/led_encoder.v";
