#! /opt/homebrew/Cellar/icarus-verilog/12.0/bin/vvp
:ivl_version "12.0 (stable)";
:ivl_delay_selection "TYPICAL";
:vpi_time_precision - 9;
:vpi_module "/opt/homebrew/Cellar/icarus-verilog/12.0/lib/ivl/system.vpi";
:vpi_module "/opt/homebrew/Cellar/icarus-verilog/12.0/lib/ivl/vhdl_sys.vpi";
:vpi_module "/opt/homebrew/Cellar/icarus-verilog/12.0/lib/ivl/vhdl_textio.vpi";
:vpi_module "/opt/homebrew/Cellar/icarus-verilog/12.0/lib/ivl/v2005_math.vpi";
:vpi_module "/opt/homebrew/Cellar/icarus-verilog/12.0/lib/ivl/va_math.vpi";
S_0x11d004170 .scope module, "timer_tb" "timer_tb" 2 3;
 .timescale -9 -9;
v0x11d014a60_0 .var "clk", 0 0;
v0x11d014b00_0 .net "out", 23 0, v0x11d014730_0;  1 drivers
v0x11d014bd0_0 .var "rst", 0 0;
v0x11d014ca0_0 .var "start", 0 0;
S_0x11d0042f0 .scope module, "uut" "timer" 2 10, 3 10 0, S_0x11d004170;
 .timescale -9 -9;
    .port_info 0 /INPUT 1 "clk";
    .port_info 1 /INPUT 1 "rst";
    .port_info 2 /INPUT 1 "start";
    .port_info 3 /OUTPUT 24 "out";
v0x11d0045d0_0 .net "clk", 0 0, v0x11d014a60_0;  1 drivers
v0x11d014680_0 .var "counter", 23 0;
v0x11d014730_0 .var "out", 23 0;
v0x11d014800_0 .net "rst", 0 0, v0x11d014bd0_0;  1 drivers
v0x11d0148a0_0 .net "start", 0 0, v0x11d014ca0_0;  1 drivers
v0x11d014980_0 .var "state", 0 0;
E_0x11d004520/0 .event negedge, v0x11d014800_0;
E_0x11d004520/1 .event posedge, v0x11d0045d0_0;
E_0x11d004520 .event/or E_0x11d004520/0, E_0x11d004520/1;
E_0x11d004580 .event posedge, v0x11d0045d0_0;
    .scope S_0x11d0042f0;
T_0 ;
    %pushi/vec4 0, 0, 1;
    %store/vec4 v0x11d014980_0, 0, 1;
    %pushi/vec4 0, 0, 24;
    %store/vec4 v0x11d014680_0, 0, 24;
    %pushi/vec4 0, 0, 4;
    %ix/load 4, 0, 0;
    %flag_set/imm 4, 0;
    %store/vec4 v0x11d014730_0, 4, 4;
    %pushi/vec4 0, 0, 4;
    %ix/load 4, 4, 0;
    %flag_set/imm 4, 0;
    %store/vec4 v0x11d014730_0, 4, 4;
    %pushi/vec4 0, 0, 4;
    %ix/load 4, 8, 0;
    %flag_set/imm 4, 0;
    %store/vec4 v0x11d014730_0, 4, 4;
    %pushi/vec4 0, 0, 4;
    %ix/load 4, 12, 0;
    %flag_set/imm 4, 0;
    %store/vec4 v0x11d014730_0, 4, 4;
    %pushi/vec4 0, 0, 4;
    %ix/load 4, 16, 0;
    %flag_set/imm 4, 0;
    %store/vec4 v0x11d014730_0, 4, 4;
    %pushi/vec4 0, 0, 4;
    %ix/load 4, 20, 0;
    %flag_set/imm 4, 0;
    %store/vec4 v0x11d014730_0, 4, 4;
    %end;
    .thread T_0;
    .scope S_0x11d0042f0;
T_1 ;
    %wait E_0x11d004580;
    %load/vec4 v0x11d0148a0_0;
    %nor/r;
    %flag_set/vec4 8;
    %jmp/0xz  T_1.0, 8;
    %pushi/vec4 1, 0, 1;
    %assign/vec4 v0x11d014980_0, 0;
T_1.0 ;
    %jmp T_1;
    .thread T_1;
    .scope S_0x11d0042f0;
T_2 ;
    %wait E_0x11d004520;
    %load/vec4 v0x11d014800_0;
    %nor/r;
    %flag_set/vec4 8;
    %jmp/0xz  T_2.0, 8;
    %pushi/vec4 0, 0, 24;
    %assign/vec4 v0x11d014680_0, 0;
    %pushi/vec4 0, 0, 1;
    %assign/vec4 v0x11d014980_0, 0;
    %pushi/vec4 0, 0, 4;
    %ix/load 4, 0, 0;
    %ix/load 5, 0, 0;
    %flag_set/imm 4, 0;
    %assign/vec4/off/d v0x11d014730_0, 4, 5;
    %pushi/vec4 0, 0, 4;
    %ix/load 4, 4, 0;
    %ix/load 5, 0, 0;
    %flag_set/imm 4, 0;
    %assign/vec4/off/d v0x11d014730_0, 4, 5;
    %pushi/vec4 0, 0, 4;
    %ix/load 4, 8, 0;
    %ix/load 5, 0, 0;
    %flag_set/imm 4, 0;
    %assign/vec4/off/d v0x11d014730_0, 4, 5;
    %pushi/vec4 0, 0, 4;
    %ix/load 4, 12, 0;
    %ix/load 5, 0, 0;
    %flag_set/imm 4, 0;
    %assign/vec4/off/d v0x11d014730_0, 4, 5;
    %pushi/vec4 0, 0, 4;
    %ix/load 4, 16, 0;
    %ix/load 5, 0, 0;
    %flag_set/imm 4, 0;
    %assign/vec4/off/d v0x11d014730_0, 4, 5;
    %pushi/vec4 0, 0, 4;
    %ix/load 4, 20, 0;
    %ix/load 5, 0, 0;
    %flag_set/imm 4, 0;
    %assign/vec4/off/d v0x11d014730_0, 4, 5;
    %jmp T_2.1;
T_2.0 ;
    %load/vec4 v0x11d014680_0;
    %pad/u 32;
    %cmpi/u 500, 0, 32;
    %jmp/0xz  T_2.2, 5;
    %load/vec4 v0x11d014680_0;
    %addi 1, 0, 24;
    %store/vec4 v0x11d014680_0, 0, 24;
    %jmp T_2.3;
T_2.2 ;
    %pushi/vec4 0, 0, 24;
    %assign/vec4 v0x11d014680_0, 0;
    %load/vec4 v0x11d014980_0;
    %dup/vec4;
    %pushi/vec4 0, 0, 1;
    %cmp/u;
    %jmp/1 T_2.4, 6;
    %dup/vec4;
    %pushi/vec4 1, 0, 1;
    %cmp/u;
    %jmp/1 T_2.5, 6;
    %jmp T_2.6;
T_2.4 ;
    %pushi/vec4 0, 0, 4;
    %ix/load 4, 0, 0;
    %ix/load 5, 0, 0;
    %flag_set/imm 4, 0;
    %assign/vec4/off/d v0x11d014730_0, 4, 5;
    %pushi/vec4 0, 0, 4;
    %ix/load 4, 4, 0;
    %ix/load 5, 0, 0;
    %flag_set/imm 4, 0;
    %assign/vec4/off/d v0x11d014730_0, 4, 5;
    %pushi/vec4 0, 0, 4;
    %ix/load 4, 8, 0;
    %ix/load 5, 0, 0;
    %flag_set/imm 4, 0;
    %assign/vec4/off/d v0x11d014730_0, 4, 5;
    %pushi/vec4 0, 0, 4;
    %ix/load 4, 12, 0;
    %ix/load 5, 0, 0;
    %flag_set/imm 4, 0;
    %assign/vec4/off/d v0x11d014730_0, 4, 5;
    %pushi/vec4 0, 0, 4;
    %ix/load 4, 16, 0;
    %ix/load 5, 0, 0;
    %flag_set/imm 4, 0;
    %assign/vec4/off/d v0x11d014730_0, 4, 5;
    %pushi/vec4 0, 0, 4;
    %ix/load 4, 20, 0;
    %ix/load 5, 0, 0;
    %flag_set/imm 4, 0;
    %assign/vec4/off/d v0x11d014730_0, 4, 5;
    %jmp T_2.6;
T_2.5 ;
    %load/vec4 v0x11d014730_0;
    %parti/s 4, 0, 2;
    %cmpi/e 9, 0, 4;
    %jmp/0xz  T_2.7, 4;
    %pushi/vec4 0, 0, 4;
    %ix/load 4, 0, 0;
    %ix/load 5, 0, 0;
    %flag_set/imm 4, 0;
    %assign/vec4/off/d v0x11d014730_0, 4, 5;
    %load/vec4 v0x11d014730_0;
    %parti/s 4, 4, 4;
    %cmpi/e 6, 0, 4;
    %jmp/0xz  T_2.9, 4;
    %pushi/vec4 0, 0, 4;
    %ix/load 4, 4, 0;
    %ix/load 5, 0, 0;
    %flag_set/imm 4, 0;
    %assign/vec4/off/d v0x11d014730_0, 4, 5;
    %load/vec4 v0x11d014730_0;
    %parti/s 4, 8, 5;
    %cmpi/e 9, 0, 4;
    %jmp/0xz  T_2.11, 4;
    %pushi/vec4 0, 0, 4;
    %ix/load 4, 8, 0;
    %ix/load 5, 0, 0;
    %flag_set/imm 4, 0;
    %assign/vec4/off/d v0x11d014730_0, 4, 5;
    %load/vec4 v0x11d014730_0;
    %parti/s 4, 12, 5;
    %cmpi/e 6, 0, 4;
    %jmp/0xz  T_2.13, 4;
    %pushi/vec4 0, 0, 4;
    %ix/load 4, 12, 0;
    %ix/load 5, 0, 0;
    %flag_set/imm 4, 0;
    %assign/vec4/off/d v0x11d014730_0, 4, 5;
    %load/vec4 v0x11d014730_0;
    %parti/s 4, 16, 6;
    %cmpi/e 9, 0, 4;
    %jmp/0xz  T_2.15, 4;
    %pushi/vec4 0, 0, 4;
    %ix/load 4, 16, 0;
    %ix/load 5, 0, 0;
    %flag_set/imm 4, 0;
    %assign/vec4/off/d v0x11d014730_0, 4, 5;
    %load/vec4 v0x11d014730_0;
    %parti/s 4, 20, 6;
    %cmpi/e 9, 0, 4;
    %jmp/0xz  T_2.17, 4;
    %pushi/vec4 0, 0, 4;
    %ix/load 4, 20, 0;
    %ix/load 5, 0, 0;
    %flag_set/imm 4, 0;
    %assign/vec4/off/d v0x11d014730_0, 4, 5;
    %pushi/vec4 0, 0, 1;
    %assign/vec4 v0x11d014980_0, 0;
    %jmp T_2.18;
T_2.17 ;
    %load/vec4 v0x11d014730_0;
    %parti/s 4, 20, 6;
    %addi 1, 0, 4;
    %ix/load 4, 20, 0;
    %ix/load 5, 0, 0;
    %flag_set/imm 4, 0;
    %assign/vec4/off/d v0x11d014730_0, 4, 5;
T_2.18 ;
    %jmp T_2.16;
T_2.15 ;
    %load/vec4 v0x11d014730_0;
    %parti/s 4, 16, 6;
    %addi 1, 0, 4;
    %ix/load 4, 16, 0;
    %ix/load 5, 0, 0;
    %flag_set/imm 4, 0;
    %assign/vec4/off/d v0x11d014730_0, 4, 5;
T_2.16 ;
    %jmp T_2.14;
T_2.13 ;
    %load/vec4 v0x11d014730_0;
    %parti/s 4, 12, 5;
    %addi 1, 0, 4;
    %ix/load 4, 12, 0;
    %ix/load 5, 0, 0;
    %flag_set/imm 4, 0;
    %assign/vec4/off/d v0x11d014730_0, 4, 5;
T_2.14 ;
    %jmp T_2.12;
T_2.11 ;
    %load/vec4 v0x11d014730_0;
    %parti/s 4, 8, 5;
    %addi 1, 0, 4;
    %ix/load 4, 8, 0;
    %ix/load 5, 0, 0;
    %flag_set/imm 4, 0;
    %assign/vec4/off/d v0x11d014730_0, 4, 5;
T_2.12 ;
    %jmp T_2.10;
T_2.9 ;
    %load/vec4 v0x11d014730_0;
    %parti/s 4, 4, 4;
    %addi 1, 0, 4;
    %ix/load 4, 4, 0;
    %ix/load 5, 0, 0;
    %flag_set/imm 4, 0;
    %assign/vec4/off/d v0x11d014730_0, 4, 5;
T_2.10 ;
    %jmp T_2.8;
T_2.7 ;
    %load/vec4 v0x11d014730_0;
    %parti/s 4, 0, 2;
    %addi 1, 0, 4;
    %ix/load 4, 0, 0;
    %ix/load 5, 0, 0;
    %flag_set/imm 4, 0;
    %assign/vec4/off/d v0x11d014730_0, 4, 5;
T_2.8 ;
    %jmp T_2.6;
T_2.6 ;
    %pop/vec4 1;
T_2.3 ;
T_2.1 ;
    %jmp T_2;
    .thread T_2;
    .scope S_0x11d004170;
T_3 ;
    %vpi_call 2 19 "$dumpfile", "wave.vcd" {0 0 0};
    %vpi_call 2 20 "$dumpvars", 32'sb00000000000000000000000000000000, S_0x11d004170 {0 0 0};
    %pushi/vec4 0, 0, 1;
    %store/vec4 v0x11d014a60_0, 0, 1;
T_3.0 ;
    %delay 10, 0;
    %load/vec4 v0x11d014a60_0;
    %inv;
    %store/vec4 v0x11d014a60_0, 0, 1;
    %jmp T_3.0;
    %end;
    .thread T_3;
    .scope S_0x11d004170;
T_4 ;
    %pushi/vec4 0, 0, 1;
    %store/vec4 v0x11d014bd0_0, 0, 1;
    %pushi/vec4 0, 0, 1;
    %store/vec4 v0x11d014ca0_0, 0, 1;
    %delay 100, 0;
    %pushi/vec4 1, 0, 1;
    %store/vec4 v0x11d014bd0_0, 0, 1;
    %delay 100, 0;
    %pushi/vec4 1, 0, 1;
    %store/vec4 v0x11d014ca0_0, 0, 1;
    %delay 100000, 0;
    %pushi/vec4 0, 0, 1;
    %store/vec4 v0x11d014ca0_0, 0, 1;
    %delay 100000, 0;
    %pushi/vec4 1, 0, 1;
    %store/vec4 v0x11d014ca0_0, 0, 1;
    %delay 100000, 0;
    %vpi_call 2 49 "$stop" {0 0 0};
    %end;
    .thread T_4;
# The file index is used to find the file name in the following table.
:file_names 4;
    "N/A";
    "<interactive>";
    "./test/timer_tb.v";
    "./src/timer.v";
