#! /opt/homebrew/Cellar/icarus-verilog/12.0/bin/vvp
:ivl_version "12.0 (stable)";
:ivl_delay_selection "TYPICAL";
:vpi_time_precision - 9;
:vpi_module "/opt/homebrew/Cellar/icarus-verilog/12.0/lib/ivl/system.vpi";
:vpi_module "/opt/homebrew/Cellar/icarus-verilog/12.0/lib/ivl/vhdl_sys.vpi";
:vpi_module "/opt/homebrew/Cellar/icarus-verilog/12.0/lib/ivl/vhdl_textio.vpi";
:vpi_module "/opt/homebrew/Cellar/icarus-verilog/12.0/lib/ivl/v2005_math.vpi";
:vpi_module "/opt/homebrew/Cellar/icarus-verilog/12.0/lib/ivl/va_math.vpi";
S_0x12161bee0 .scope module, "devision_seq_led_board_tb" "devision_seq_led_board_tb" 2 6;
 .timescale -9 -9;
P_0x12161c510 .param/l "WIDTH" 0 2 8, +C4<00000000000000000000000000010000>;
v0x12163f960_0 .var "clk", 0 0;
v0x12163f9f0_0 .net "done", 0 0, v0x12163f0a0_0;  1 drivers
v0x12163fa80_0 .net "led1", 0 0, v0x12163f140_0;  1 drivers
v0x12163fb10_0 .net "led2", 0 0, v0x12163f1e0_0;  1 drivers
v0x12163fba0_0 .net "led3", 0 0, v0x12163f280_0;  1 drivers
v0x12163fc70_0 .net "led4", 0 0, v0x12163f320_0;  1 drivers
v0x12163fd20_0 .net "out", 6 0, v0x12163f3c0_0;  1 drivers
v0x12163fdd0_0 .var "rst", 0 0;
v0x12163fe80_0 .var "start", 0 0;
E_0x12161cbe0 .event anyedge, v0x12163f0a0_0;
S_0x1216077b0 .scope module, "uut" "devision_seq_led_board" 2 24, 3 1 0, S_0x12161bee0;
 .timescale -9 -9;
    .port_info 0 /INPUT 1 "clk";
    .port_info 1 /INPUT 1 "rst";
    .port_info 2 /INPUT 1 "start";
    .port_info 3 /OUTPUT 1 "done";
    .port_info 4 /OUTPUT 1 "led1";
    .port_info 5 /OUTPUT 1 "led2";
    .port_info 6 /OUTPUT 1 "led3";
    .port_info 7 /OUTPUT 1 "led4";
    .port_info 8 /OUTPUT 7 "out";
P_0x12161ca70 .param/l "WIDTH" 0 3 2, +C4<00000000000000000000000000010000>;
v0x12161c050_0 .var "Ra", 31 0;
v0x12163eb00_0 .var "Rb", 15 0;
v0x12163eba0_0 .var "Rc", 15 0;
v0x12163ec30_0 .var "a", 15 0;
v0x12163ecc0_0 .var "b", 15 0;
v0x12163ed90_0 .net "clk", 0 0, v0x12163f960_0;  1 drivers
v0x12163ee30_0 .var "count", 5 0;
v0x12163eee0_0 .var "counter", 15 0;
v0x12163ef90_0 .var "digit_select", 1 0;
v0x12163f0a0_0 .var "done", 0 0;
v0x12163f140_0 .var "led1", 0 0;
v0x12163f1e0_0 .var "led2", 0 0;
v0x12163f280_0 .var "led3", 0 0;
v0x12163f320_0 .var "led4", 0 0;
v0x12163f3c0_0 .var "out", 6 0;
v0x12163f470_0 .var "remainder", 15 0;
v0x12163f520_0 .net "rst", 0 0, v0x12163fdd0_0;  1 drivers
v0x12163f6b0_0 .net "start", 0 0, v0x12163fe80_0;  1 drivers
v0x12163f740_0 .var "state", 1 0;
v0x12163f7d0_0 .var "y", 15 0;
E_0x121608500 .event posedge, v0x12163ed90_0;
E_0x12160acb0 .event posedge, v0x12163f520_0, v0x12163ed90_0;
    .scope S_0x1216077b0;
T_0 ;
    %pushi/vec4 0, 0, 2;
    %store/vec4 v0x12163f740_0, 0, 2;
    %pushi/vec4 0, 0, 1;
    %store/vec4 v0x12163f0a0_0, 0, 1;
    %pushi/vec4 10846, 0, 16;
    %store/vec4 v0x12163ec30_0, 0, 16;
    %pushi/vec4 1, 0, 16;
    %store/vec4 v0x12163ecc0_0, 0, 16;
    %pushi/vec4 0, 0, 1;
    %store/vec4 v0x12163f140_0, 0, 1;
    %pushi/vec4 0, 0, 1;
    %store/vec4 v0x12163f1e0_0, 0, 1;
    %pushi/vec4 0, 0, 1;
    %store/vec4 v0x12163f280_0, 0, 1;
    %pushi/vec4 0, 0, 1;
    %store/vec4 v0x12163f320_0, 0, 1;
    %pushi/vec4 0, 0, 2;
    %store/vec4 v0x12163ef90_0, 0, 2;
    %pushi/vec4 0, 0, 16;
    %store/vec4 v0x12163eee0_0, 0, 16;
    %end;
    .thread T_0;
    .scope S_0x1216077b0;
T_1 ;
    %wait E_0x12160acb0;
    %load/vec4 v0x12163f520_0;
    %nor/r;
    %flag_set/vec4 8;
    %jmp/0xz  T_1.0, 8;
    %pushi/vec4 0, 0, 2;
    %assign/vec4 v0x12163f740_0, 0;
    %pushi/vec4 0, 0, 1;
    %assign/vec4 v0x12163f0a0_0, 0;
    %pushi/vec4 0, 0, 16;
    %assign/vec4 v0x12163f7d0_0, 0;
    %pushi/vec4 0, 0, 16;
    %assign/vec4 v0x12163f470_0, 0;
    %pushi/vec4 0, 0, 2;
    %assign/vec4 v0x12163ef90_0, 0;
    %pushi/vec4 0, 0, 16;
    %assign/vec4 v0x12163eee0_0, 0;
    %jmp T_1.1;
T_1.0 ;
    %load/vec4 v0x12163eee0_0;
    %pad/u 32;
    %cmpi/u 50000, 0, 32;
    %jmp/0xz  T_1.2, 5;
    %load/vec4 v0x12163eee0_0;
    %addi 1, 0, 16;
    %store/vec4 v0x12163eee0_0, 0, 16;
    %jmp T_1.3;
T_1.2 ;
    %pushi/vec4 0, 0, 16;
    %assign/vec4 v0x12163eee0_0, 0;
    %load/vec4 v0x12163ef90_0;
    %cmpi/e 3, 0, 2;
    %jmp/0xz  T_1.4, 4;
    %pushi/vec4 0, 0, 2;
    %assign/vec4 v0x12163ef90_0, 0;
    %jmp T_1.5;
T_1.4 ;
    %load/vec4 v0x12163ef90_0;
    %addi 1, 0, 2;
    %assign/vec4 v0x12163ef90_0, 0;
T_1.5 ;
T_1.3 ;
    %load/vec4 v0x12163f740_0;
    %dup/vec4;
    %pushi/vec4 0, 0, 2;
    %cmp/u;
    %jmp/1 T_1.6, 6;
    %dup/vec4;
    %pushi/vec4 1, 0, 2;
    %cmp/u;
    %jmp/1 T_1.7, 6;
    %dup/vec4;
    %pushi/vec4 2, 0, 2;
    %cmp/u;
    %jmp/1 T_1.8, 6;
    %jmp T_1.9;
T_1.6 ;
    %pushi/vec4 16, 0, 6;
    %assign/vec4 v0x12163ee30_0, 0;
    %load/vec4 v0x12163f6b0_0;
    %nor/r;
    %flag_set/vec4 8;
    %jmp/0xz  T_1.10, 8;
    %pushi/vec4 0, 0, 16;
    %load/vec4 v0x12163ec30_0;
    %concat/vec4; draw_concat_vec4
    %store/vec4 v0x12161c050_0, 0, 32;
    %load/vec4 v0x12163ecc0_0;
    %store/vec4 v0x12163eb00_0, 0, 16;
    %pushi/vec4 0, 0, 16;
    %store/vec4 v0x12163eba0_0, 0, 16;
    %pushi/vec4 1, 0, 2;
    %assign/vec4 v0x12163f740_0, 0;
T_1.10 ;
    %jmp T_1.9;
T_1.7 ;
    %load/vec4 v0x12163ee30_0;
    %pad/u 32;
    %cmpi/ne 0, 0, 32;
    %jmp/0xz  T_1.12, 4;
    %load/vec4 v0x12161c050_0;
    %ix/load 4, 1, 0;
    %flag_set/imm 4, 0;
    %shiftl 4;
    %store/vec4 v0x12161c050_0, 0, 32;
    %load/vec4 v0x12163eba0_0;
    %ix/load 4, 1, 0;
    %flag_set/imm 4, 0;
    %shiftl 4;
    %store/vec4 v0x12163eba0_0, 0, 16;
    %load/vec4 v0x12163eb00_0;
    %load/vec4 v0x12161c050_0;
    %parti/s 16, 16, 6;
    %cmp/u;
    %flag_or 5, 4;
    %jmp/0xz  T_1.14, 5;
    %load/vec4 v0x12161c050_0;
    %parti/s 16, 16, 6;
    %load/vec4 v0x12163eb00_0;
    %sub;
    %ix/load 4, 16, 0;
    %flag_set/imm 4, 0;
    %store/vec4 v0x12161c050_0, 4, 16;
    %pushi/vec4 1, 0, 1;
    %ix/load 4, 0, 0;
    %flag_set/imm 4, 0;
    %store/vec4 v0x12163eba0_0, 4, 1;
    %jmp T_1.15;
T_1.14 ;
    %pushi/vec4 0, 0, 1;
    %ix/load 4, 0, 0;
    %flag_set/imm 4, 0;
    %store/vec4 v0x12163eba0_0, 4, 1;
T_1.15 ;
    %load/vec4 v0x12163ee30_0;
    %subi 1, 0, 6;
    %assign/vec4 v0x12163ee30_0, 0;
    %jmp T_1.13;
T_1.12 ;
    %load/vec4 v0x12163eba0_0;
    %store/vec4 v0x12163f7d0_0, 0, 16;
    %load/vec4 v0x12161c050_0;
    %parti/s 16, 16, 6;
    %store/vec4 v0x12163f470_0, 0, 16;
    %pushi/vec4 2, 0, 2;
    %assign/vec4 v0x12163f740_0, 0;
T_1.13 ;
    %jmp T_1.9;
T_1.8 ;
    %pushi/vec4 1, 0, 1;
    %assign/vec4 v0x12163f0a0_0, 0;
    %pushi/vec4 0, 0, 2;
    %assign/vec4 v0x12163f740_0, 0;
    %jmp T_1.9;
T_1.9 ;
    %pop/vec4 1;
T_1.1 ;
    %jmp T_1;
    .thread T_1;
    .scope S_0x1216077b0;
T_2 ;
    %wait E_0x121608500;
    %load/vec4 v0x12163ef90_0;
    %dup/vec4;
    %pushi/vec4 0, 0, 2;
    %cmp/u;
    %jmp/1 T_2.0, 6;
    %dup/vec4;
    %pushi/vec4 1, 0, 2;
    %cmp/u;
    %jmp/1 T_2.1, 6;
    %dup/vec4;
    %pushi/vec4 2, 0, 2;
    %cmp/u;
    %jmp/1 T_2.2, 6;
    %dup/vec4;
    %pushi/vec4 3, 0, 2;
    %cmp/u;
    %jmp/1 T_2.3, 6;
    %jmp T_2.4;
T_2.0 ;
    %pushi/vec4 1, 0, 1;
    %store/vec4 v0x12163f140_0, 0, 1;
    %pushi/vec4 0, 0, 1;
    %store/vec4 v0x12163f1e0_0, 0, 1;
    %pushi/vec4 0, 0, 1;
    %store/vec4 v0x12163f280_0, 0, 1;
    %pushi/vec4 0, 0, 1;
    %store/vec4 v0x12163f320_0, 0, 1;
    %load/vec4 v0x12163f7d0_0;
    %parti/s 4, 0, 2;
    %dup/vec4;
    %pushi/vec4 0, 0, 4;
    %cmp/u;
    %jmp/1 T_2.5, 6;
    %dup/vec4;
    %pushi/vec4 1, 0, 4;
    %cmp/u;
    %jmp/1 T_2.6, 6;
    %dup/vec4;
    %pushi/vec4 2, 0, 4;
    %cmp/u;
    %jmp/1 T_2.7, 6;
    %dup/vec4;
    %pushi/vec4 3, 0, 4;
    %cmp/u;
    %jmp/1 T_2.8, 6;
    %dup/vec4;
    %pushi/vec4 4, 0, 4;
    %cmp/u;
    %jmp/1 T_2.9, 6;
    %dup/vec4;
    %pushi/vec4 5, 0, 4;
    %cmp/u;
    %jmp/1 T_2.10, 6;
    %dup/vec4;
    %pushi/vec4 6, 0, 4;
    %cmp/u;
    %jmp/1 T_2.11, 6;
    %dup/vec4;
    %pushi/vec4 7, 0, 4;
    %cmp/u;
    %jmp/1 T_2.12, 6;
    %dup/vec4;
    %pushi/vec4 8, 0, 4;
    %cmp/u;
    %jmp/1 T_2.13, 6;
    %dup/vec4;
    %pushi/vec4 9, 0, 4;
    %cmp/u;
    %jmp/1 T_2.14, 6;
    %dup/vec4;
    %pushi/vec4 10, 0, 4;
    %cmp/u;
    %jmp/1 T_2.15, 6;
    %dup/vec4;
    %pushi/vec4 11, 0, 4;
    %cmp/u;
    %jmp/1 T_2.16, 6;
    %dup/vec4;
    %pushi/vec4 12, 0, 4;
    %cmp/u;
    %jmp/1 T_2.17, 6;
    %dup/vec4;
    %pushi/vec4 13, 0, 4;
    %cmp/u;
    %jmp/1 T_2.18, 6;
    %dup/vec4;
    %pushi/vec4 14, 0, 4;
    %cmp/u;
    %jmp/1 T_2.19, 6;
    %dup/vec4;
    %pushi/vec4 15, 0, 4;
    %cmp/u;
    %jmp/1 T_2.20, 6;
    %jmp T_2.21;
T_2.5 ;
    %pushi/vec4 64, 0, 7;
    %store/vec4 v0x12163f3c0_0, 0, 7;
    %jmp T_2.21;
T_2.6 ;
    %pushi/vec4 121, 0, 7;
    %store/vec4 v0x12163f3c0_0, 0, 7;
    %jmp T_2.21;
T_2.7 ;
    %pushi/vec4 36, 0, 7;
    %store/vec4 v0x12163f3c0_0, 0, 7;
    %jmp T_2.21;
T_2.8 ;
    %pushi/vec4 48, 0, 7;
    %store/vec4 v0x12163f3c0_0, 0, 7;
    %jmp T_2.21;
T_2.9 ;
    %pushi/vec4 25, 0, 7;
    %store/vec4 v0x12163f3c0_0, 0, 7;
    %jmp T_2.21;
T_2.10 ;
    %pushi/vec4 18, 0, 7;
    %store/vec4 v0x12163f3c0_0, 0, 7;
    %jmp T_2.21;
T_2.11 ;
    %pushi/vec4 2, 0, 7;
    %store/vec4 v0x12163f3c0_0, 0, 7;
    %jmp T_2.21;
T_2.12 ;
    %pushi/vec4 120, 0, 7;
    %store/vec4 v0x12163f3c0_0, 0, 7;
    %jmp T_2.21;
T_2.13 ;
    %pushi/vec4 0, 0, 7;
    %store/vec4 v0x12163f3c0_0, 0, 7;
    %jmp T_2.21;
T_2.14 ;
    %pushi/vec4 16, 0, 7;
    %store/vec4 v0x12163f3c0_0, 0, 7;
    %jmp T_2.21;
T_2.15 ;
    %pushi/vec4 8, 0, 7;
    %store/vec4 v0x12163f3c0_0, 0, 7;
    %jmp T_2.21;
T_2.16 ;
    %pushi/vec4 3, 0, 7;
    %store/vec4 v0x12163f3c0_0, 0, 7;
    %jmp T_2.21;
T_2.17 ;
    %pushi/vec4 70, 0, 7;
    %store/vec4 v0x12163f3c0_0, 0, 7;
    %jmp T_2.21;
T_2.18 ;
    %pushi/vec4 33, 0, 7;
    %store/vec4 v0x12163f3c0_0, 0, 7;
    %jmp T_2.21;
T_2.19 ;
    %pushi/vec4 6, 0, 7;
    %store/vec4 v0x12163f3c0_0, 0, 7;
    %jmp T_2.21;
T_2.20 ;
    %pushi/vec4 14, 0, 7;
    %store/vec4 v0x12163f3c0_0, 0, 7;
    %jmp T_2.21;
T_2.21 ;
    %pop/vec4 1;
    %jmp T_2.4;
T_2.1 ;
    %pushi/vec4 0, 0, 1;
    %store/vec4 v0x12163f140_0, 0, 1;
    %pushi/vec4 1, 0, 1;
    %store/vec4 v0x12163f1e0_0, 0, 1;
    %pushi/vec4 0, 0, 1;
    %store/vec4 v0x12163f280_0, 0, 1;
    %pushi/vec4 0, 0, 1;
    %store/vec4 v0x12163f320_0, 0, 1;
    %load/vec4 v0x12163f7d0_0;
    %parti/s 4, 4, 4;
    %dup/vec4;
    %pushi/vec4 0, 0, 4;
    %cmp/u;
    %jmp/1 T_2.22, 6;
    %dup/vec4;
    %pushi/vec4 1, 0, 4;
    %cmp/u;
    %jmp/1 T_2.23, 6;
    %dup/vec4;
    %pushi/vec4 2, 0, 4;
    %cmp/u;
    %jmp/1 T_2.24, 6;
    %dup/vec4;
    %pushi/vec4 3, 0, 4;
    %cmp/u;
    %jmp/1 T_2.25, 6;
    %dup/vec4;
    %pushi/vec4 4, 0, 4;
    %cmp/u;
    %jmp/1 T_2.26, 6;
    %dup/vec4;
    %pushi/vec4 5, 0, 4;
    %cmp/u;
    %jmp/1 T_2.27, 6;
    %dup/vec4;
    %pushi/vec4 6, 0, 4;
    %cmp/u;
    %jmp/1 T_2.28, 6;
    %dup/vec4;
    %pushi/vec4 7, 0, 4;
    %cmp/u;
    %jmp/1 T_2.29, 6;
    %dup/vec4;
    %pushi/vec4 8, 0, 4;
    %cmp/u;
    %jmp/1 T_2.30, 6;
    %dup/vec4;
    %pushi/vec4 9, 0, 4;
    %cmp/u;
    %jmp/1 T_2.31, 6;
    %dup/vec4;
    %pushi/vec4 10, 0, 4;
    %cmp/u;
    %jmp/1 T_2.32, 6;
    %dup/vec4;
    %pushi/vec4 11, 0, 4;
    %cmp/u;
    %jmp/1 T_2.33, 6;
    %dup/vec4;
    %pushi/vec4 12, 0, 4;
    %cmp/u;
    %jmp/1 T_2.34, 6;
    %dup/vec4;
    %pushi/vec4 13, 0, 4;
    %cmp/u;
    %jmp/1 T_2.35, 6;
    %dup/vec4;
    %pushi/vec4 14, 0, 4;
    %cmp/u;
    %jmp/1 T_2.36, 6;
    %dup/vec4;
    %pushi/vec4 15, 0, 4;
    %cmp/u;
    %jmp/1 T_2.37, 6;
    %jmp T_2.38;
T_2.22 ;
    %pushi/vec4 64, 0, 7;
    %store/vec4 v0x12163f3c0_0, 0, 7;
    %jmp T_2.38;
T_2.23 ;
    %pushi/vec4 121, 0, 7;
    %store/vec4 v0x12163f3c0_0, 0, 7;
    %jmp T_2.38;
T_2.24 ;
    %pushi/vec4 36, 0, 7;
    %store/vec4 v0x12163f3c0_0, 0, 7;
    %jmp T_2.38;
T_2.25 ;
    %pushi/vec4 48, 0, 7;
    %store/vec4 v0x12163f3c0_0, 0, 7;
    %jmp T_2.38;
T_2.26 ;
    %pushi/vec4 25, 0, 7;
    %store/vec4 v0x12163f3c0_0, 0, 7;
    %jmp T_2.38;
T_2.27 ;
    %pushi/vec4 18, 0, 7;
    %store/vec4 v0x12163f3c0_0, 0, 7;
    %jmp T_2.38;
T_2.28 ;
    %pushi/vec4 2, 0, 7;
    %store/vec4 v0x12163f3c0_0, 0, 7;
    %jmp T_2.38;
T_2.29 ;
    %pushi/vec4 120, 0, 7;
    %store/vec4 v0x12163f3c0_0, 0, 7;
    %jmp T_2.38;
T_2.30 ;
    %pushi/vec4 0, 0, 7;
    %store/vec4 v0x12163f3c0_0, 0, 7;
    %jmp T_2.38;
T_2.31 ;
    %pushi/vec4 16, 0, 7;
    %store/vec4 v0x12163f3c0_0, 0, 7;
    %jmp T_2.38;
T_2.32 ;
    %pushi/vec4 8, 0, 7;
    %store/vec4 v0x12163f3c0_0, 0, 7;
    %jmp T_2.38;
T_2.33 ;
    %pushi/vec4 3, 0, 7;
    %store/vec4 v0x12163f3c0_0, 0, 7;
    %jmp T_2.38;
T_2.34 ;
    %pushi/vec4 70, 0, 7;
    %store/vec4 v0x12163f3c0_0, 0, 7;
    %jmp T_2.38;
T_2.35 ;
    %pushi/vec4 33, 0, 7;
    %store/vec4 v0x12163f3c0_0, 0, 7;
    %jmp T_2.38;
T_2.36 ;
    %pushi/vec4 6, 0, 7;
    %store/vec4 v0x12163f3c0_0, 0, 7;
    %jmp T_2.38;
T_2.37 ;
    %pushi/vec4 14, 0, 7;
    %store/vec4 v0x12163f3c0_0, 0, 7;
    %jmp T_2.38;
T_2.38 ;
    %pop/vec4 1;
    %jmp T_2.4;
T_2.2 ;
    %pushi/vec4 0, 0, 1;
    %store/vec4 v0x12163f140_0, 0, 1;
    %pushi/vec4 0, 0, 1;
    %store/vec4 v0x12163f1e0_0, 0, 1;
    %pushi/vec4 1, 0, 1;
    %store/vec4 v0x12163f280_0, 0, 1;
    %pushi/vec4 0, 0, 1;
    %store/vec4 v0x12163f320_0, 0, 1;
    %load/vec4 v0x12163f7d0_0;
    %parti/s 4, 8, 5;
    %dup/vec4;
    %pushi/vec4 0, 0, 4;
    %cmp/u;
    %jmp/1 T_2.39, 6;
    %dup/vec4;
    %pushi/vec4 1, 0, 4;
    %cmp/u;
    %jmp/1 T_2.40, 6;
    %dup/vec4;
    %pushi/vec4 2, 0, 4;
    %cmp/u;
    %jmp/1 T_2.41, 6;
    %dup/vec4;
    %pushi/vec4 3, 0, 4;
    %cmp/u;
    %jmp/1 T_2.42, 6;
    %dup/vec4;
    %pushi/vec4 4, 0, 4;
    %cmp/u;
    %jmp/1 T_2.43, 6;
    %dup/vec4;
    %pushi/vec4 5, 0, 4;
    %cmp/u;
    %jmp/1 T_2.44, 6;
    %dup/vec4;
    %pushi/vec4 6, 0, 4;
    %cmp/u;
    %jmp/1 T_2.45, 6;
    %dup/vec4;
    %pushi/vec4 7, 0, 4;
    %cmp/u;
    %jmp/1 T_2.46, 6;
    %dup/vec4;
    %pushi/vec4 8, 0, 4;
    %cmp/u;
    %jmp/1 T_2.47, 6;
    %dup/vec4;
    %pushi/vec4 9, 0, 4;
    %cmp/u;
    %jmp/1 T_2.48, 6;
    %dup/vec4;
    %pushi/vec4 10, 0, 4;
    %cmp/u;
    %jmp/1 T_2.49, 6;
    %dup/vec4;
    %pushi/vec4 11, 0, 4;
    %cmp/u;
    %jmp/1 T_2.50, 6;
    %dup/vec4;
    %pushi/vec4 12, 0, 4;
    %cmp/u;
    %jmp/1 T_2.51, 6;
    %dup/vec4;
    %pushi/vec4 13, 0, 4;
    %cmp/u;
    %jmp/1 T_2.52, 6;
    %dup/vec4;
    %pushi/vec4 14, 0, 4;
    %cmp/u;
    %jmp/1 T_2.53, 6;
    %dup/vec4;
    %pushi/vec4 15, 0, 4;
    %cmp/u;
    %jmp/1 T_2.54, 6;
    %jmp T_2.55;
T_2.39 ;
    %pushi/vec4 64, 0, 7;
    %store/vec4 v0x12163f3c0_0, 0, 7;
    %jmp T_2.55;
T_2.40 ;
    %pushi/vec4 121, 0, 7;
    %store/vec4 v0x12163f3c0_0, 0, 7;
    %jmp T_2.55;
T_2.41 ;
    %pushi/vec4 36, 0, 7;
    %store/vec4 v0x12163f3c0_0, 0, 7;
    %jmp T_2.55;
T_2.42 ;
    %pushi/vec4 48, 0, 7;
    %store/vec4 v0x12163f3c0_0, 0, 7;
    %jmp T_2.55;
T_2.43 ;
    %pushi/vec4 25, 0, 7;
    %store/vec4 v0x12163f3c0_0, 0, 7;
    %jmp T_2.55;
T_2.44 ;
    %pushi/vec4 18, 0, 7;
    %store/vec4 v0x12163f3c0_0, 0, 7;
    %jmp T_2.55;
T_2.45 ;
    %pushi/vec4 2, 0, 7;
    %store/vec4 v0x12163f3c0_0, 0, 7;
    %jmp T_2.55;
T_2.46 ;
    %pushi/vec4 120, 0, 7;
    %store/vec4 v0x12163f3c0_0, 0, 7;
    %jmp T_2.55;
T_2.47 ;
    %pushi/vec4 0, 0, 7;
    %store/vec4 v0x12163f3c0_0, 0, 7;
    %jmp T_2.55;
T_2.48 ;
    %pushi/vec4 16, 0, 7;
    %store/vec4 v0x12163f3c0_0, 0, 7;
    %jmp T_2.55;
T_2.49 ;
    %pushi/vec4 8, 0, 7;
    %store/vec4 v0x12163f3c0_0, 0, 7;
    %jmp T_2.55;
T_2.50 ;
    %pushi/vec4 3, 0, 7;
    %store/vec4 v0x12163f3c0_0, 0, 7;
    %jmp T_2.55;
T_2.51 ;
    %pushi/vec4 70, 0, 7;
    %store/vec4 v0x12163f3c0_0, 0, 7;
    %jmp T_2.55;
T_2.52 ;
    %pushi/vec4 33, 0, 7;
    %store/vec4 v0x12163f3c0_0, 0, 7;
    %jmp T_2.55;
T_2.53 ;
    %pushi/vec4 6, 0, 7;
    %store/vec4 v0x12163f3c0_0, 0, 7;
    %jmp T_2.55;
T_2.54 ;
    %pushi/vec4 14, 0, 7;
    %store/vec4 v0x12163f3c0_0, 0, 7;
    %jmp T_2.55;
T_2.55 ;
    %pop/vec4 1;
    %jmp T_2.4;
T_2.3 ;
    %pushi/vec4 0, 0, 1;
    %store/vec4 v0x12163f140_0, 0, 1;
    %pushi/vec4 0, 0, 1;
    %store/vec4 v0x12163f1e0_0, 0, 1;
    %pushi/vec4 0, 0, 1;
    %store/vec4 v0x12163f280_0, 0, 1;
    %pushi/vec4 1, 0, 1;
    %store/vec4 v0x12163f320_0, 0, 1;
    %load/vec4 v0x12163f7d0_0;
    %parti/s 4, 12, 5;
    %dup/vec4;
    %pushi/vec4 0, 0, 4;
    %cmp/u;
    %jmp/1 T_2.56, 6;
    %dup/vec4;
    %pushi/vec4 1, 0, 4;
    %cmp/u;
    %jmp/1 T_2.57, 6;
    %dup/vec4;
    %pushi/vec4 2, 0, 4;
    %cmp/u;
    %jmp/1 T_2.58, 6;
    %dup/vec4;
    %pushi/vec4 3, 0, 4;
    %cmp/u;
    %jmp/1 T_2.59, 6;
    %dup/vec4;
    %pushi/vec4 4, 0, 4;
    %cmp/u;
    %jmp/1 T_2.60, 6;
    %dup/vec4;
    %pushi/vec4 5, 0, 4;
    %cmp/u;
    %jmp/1 T_2.61, 6;
    %dup/vec4;
    %pushi/vec4 6, 0, 4;
    %cmp/u;
    %jmp/1 T_2.62, 6;
    %dup/vec4;
    %pushi/vec4 7, 0, 4;
    %cmp/u;
    %jmp/1 T_2.63, 6;
    %dup/vec4;
    %pushi/vec4 8, 0, 4;
    %cmp/u;
    %jmp/1 T_2.64, 6;
    %dup/vec4;
    %pushi/vec4 9, 0, 4;
    %cmp/u;
    %jmp/1 T_2.65, 6;
    %dup/vec4;
    %pushi/vec4 10, 0, 4;
    %cmp/u;
    %jmp/1 T_2.66, 6;
    %dup/vec4;
    %pushi/vec4 11, 0, 4;
    %cmp/u;
    %jmp/1 T_2.67, 6;
    %dup/vec4;
    %pushi/vec4 12, 0, 4;
    %cmp/u;
    %jmp/1 T_2.68, 6;
    %dup/vec4;
    %pushi/vec4 13, 0, 4;
    %cmp/u;
    %jmp/1 T_2.69, 6;
    %dup/vec4;
    %pushi/vec4 14, 0, 4;
    %cmp/u;
    %jmp/1 T_2.70, 6;
    %dup/vec4;
    %pushi/vec4 15, 0, 4;
    %cmp/u;
    %jmp/1 T_2.71, 6;
    %jmp T_2.72;
T_2.56 ;
    %pushi/vec4 64, 0, 7;
    %store/vec4 v0x12163f3c0_0, 0, 7;
    %jmp T_2.72;
T_2.57 ;
    %pushi/vec4 121, 0, 7;
    %store/vec4 v0x12163f3c0_0, 0, 7;
    %jmp T_2.72;
T_2.58 ;
    %pushi/vec4 36, 0, 7;
    %store/vec4 v0x12163f3c0_0, 0, 7;
    %jmp T_2.72;
T_2.59 ;
    %pushi/vec4 48, 0, 7;
    %store/vec4 v0x12163f3c0_0, 0, 7;
    %jmp T_2.72;
T_2.60 ;
    %pushi/vec4 25, 0, 7;
    %store/vec4 v0x12163f3c0_0, 0, 7;
    %jmp T_2.72;
T_2.61 ;
    %pushi/vec4 18, 0, 7;
    %store/vec4 v0x12163f3c0_0, 0, 7;
    %jmp T_2.72;
T_2.62 ;
    %pushi/vec4 2, 0, 7;
    %store/vec4 v0x12163f3c0_0, 0, 7;
    %jmp T_2.72;
T_2.63 ;
    %pushi/vec4 120, 0, 7;
    %store/vec4 v0x12163f3c0_0, 0, 7;
    %jmp T_2.72;
T_2.64 ;
    %pushi/vec4 0, 0, 7;
    %store/vec4 v0x12163f3c0_0, 0, 7;
    %jmp T_2.72;
T_2.65 ;
    %pushi/vec4 16, 0, 7;
    %store/vec4 v0x12163f3c0_0, 0, 7;
    %jmp T_2.72;
T_2.66 ;
    %pushi/vec4 8, 0, 7;
    %store/vec4 v0x12163f3c0_0, 0, 7;
    %jmp T_2.72;
T_2.67 ;
    %pushi/vec4 3, 0, 7;
    %store/vec4 v0x12163f3c0_0, 0, 7;
    %jmp T_2.72;
T_2.68 ;
    %pushi/vec4 70, 0, 7;
    %store/vec4 v0x12163f3c0_0, 0, 7;
    %jmp T_2.72;
T_2.69 ;
    %pushi/vec4 33, 0, 7;
    %store/vec4 v0x12163f3c0_0, 0, 7;
    %jmp T_2.72;
T_2.70 ;
    %pushi/vec4 6, 0, 7;
    %store/vec4 v0x12163f3c0_0, 0, 7;
    %jmp T_2.72;
T_2.71 ;
    %pushi/vec4 14, 0, 7;
    %store/vec4 v0x12163f3c0_0, 0, 7;
    %jmp T_2.72;
T_2.72 ;
    %pop/vec4 1;
    %jmp T_2.4;
T_2.4 ;
    %pop/vec4 1;
    %jmp T_2;
    .thread T_2;
    .scope S_0x12161bee0;
T_3 ;
    %vpi_call 2 38 "$dumpfile", "wave.vcd" {0 0 0};
    %vpi_call 2 39 "$dumpvars", 32'sb00000000000000000000000000000000, S_0x12161bee0 {0 0 0};
    %pushi/vec4 0, 0, 1;
    %store/vec4 v0x12163f960_0, 0, 1;
T_3.0 ;
    %delay 10, 0;
    %load/vec4 v0x12163f960_0;
    %inv;
    %store/vec4 v0x12163f960_0, 0, 1;
    %jmp T_3.0;
    %end;
    .thread T_3;
    .scope S_0x12161bee0;
T_4 ;
    %pushi/vec4 1, 0, 1;
    %store/vec4 v0x12163fdd0_0, 0, 1;
    %pushi/vec4 1, 0, 1;
    %store/vec4 v0x12163fe80_0, 0, 1;
    %vpi_call 2 51 "$monitor", "time=%0d, rst=%b, start=%b, done=%b, led1=%b, led2=%b, led3=%b, led4=%b", $time, v0x12163fdd0_0, v0x12163fe80_0, v0x12163f9f0_0, v0x12163fa80_0, v0x12163fb10_0, v0x12163fba0_0, v0x12163fc70_0 {0 0 0};
    %delay 20, 0;
    %pushi/vec4 0, 0, 1;
    %store/vec4 v0x12163fdd0_0, 0, 1;
    %delay 20, 0;
    %pushi/vec4 1, 0, 1;
    %store/vec4 v0x12163fdd0_0, 0, 1;
    %delay 40, 0;
    %pushi/vec4 0, 0, 1;
    %store/vec4 v0x12163fe80_0, 0, 1;
    %delay 20, 0;
    %pushi/vec4 1, 0, 1;
    %store/vec4 v0x12163fe80_0, 0, 1;
T_4.0 ;
    %load/vec4 v0x12163f9f0_0;
    %cmpi/ne 1, 0, 1;
    %jmp/0xz T_4.1, 6;
    %wait E_0x12161cbe0;
    %jmp T_4.0;
T_4.1 ;
    %delay 3000000, 0;
    %vpi_call 2 66 "$finish" {0 0 0};
    %end;
    .thread T_4;
# The file index is used to find the file name in the following table.
:file_names 4;
    "N/A";
    "<interactive>";
    "./test/devision_seq_led_board_tb.v";
    "/Users/baijiale/Documents/Code/fpga-design-uestc/stage1/task3_devision_16bits_int_seq/mod/devision_seq_led_board.v";
