#! /opt/homebrew/Cellar/icarus-verilog/12.0/bin/vvp
:ivl_version "12.0 (stable)";
:ivl_delay_selection "TYPICAL";
:vpi_time_precision - 9;
:vpi_module "/opt/homebrew/Cellar/icarus-verilog/12.0/lib/ivl/system.vpi";
:vpi_module "/opt/homebrew/Cellar/icarus-verilog/12.0/lib/ivl/vhdl_sys.vpi";
:vpi_module "/opt/homebrew/Cellar/icarus-verilog/12.0/lib/ivl/vhdl_textio.vpi";
:vpi_module "/opt/homebrew/Cellar/icarus-verilog/12.0/lib/ivl/v2005_math.vpi";
:vpi_module "/opt/homebrew/Cellar/icarus-verilog/12.0/lib/ivl/va_math.vpi";
S_0x11e604ac0 .scope module, "key_filter_tb" "key_filter_tb" 2 3;
 .timescale -9 -9;
v0x600001e145a0_0 .var "clk", 0 0;
v0x600001e14630_0 .var "in", 0 0;
v0x600001e146c0_0 .net "out", 0 0, v0x600001e14480_0;  1 drivers
v0x600001e14750_0 .var "rst", 0 0;
S_0x11e604c30 .scope module, "uut" "key_filter" 2 9, 3 4 0, S_0x11e604ac0;
 .timescale -9 -9;
    .port_info 0 /INPUT 1 "clk";
    .port_info 1 /INPUT 1 "rst";
    .port_info 2 /INPUT 1 "in";
    .port_info 3 /OUTPUT 1 "out";
P_0x600003914780 .param/l "MAX" 0 3 10, C4<00000000001111101000>;
v0x600001e14000_0 .net "clk", 0 0, v0x600001e145a0_0;  1 drivers
v0x600001e14090_0 .var "cnt_delay", 19 0;
v0x600001e14120_0 .var "en_cnt_delay", 0 0;
v0x600001e141b0_0 .net "in", 0 0, v0x600001e14630_0;  1 drivers
v0x600001e14240_0 .var "key_r0", 0 0;
v0x600001e142d0_0 .var "key_r1", 0 0;
v0x600001e14360_0 .var "key_r2", 0 0;
v0x600001e143f0_0 .var "nedge", 0 0;
v0x600001e14480_0 .var "out", 0 0;
v0x600001e14510_0 .net "rst", 0 0, v0x600001e14750_0;  1 drivers
E_0x600003914800/0 .event negedge, v0x600001e14510_0;
E_0x600003914800/1 .event posedge, v0x600001e14000_0;
E_0x600003914800 .event/or E_0x600003914800/0, E_0x600003914800/1;
    .scope S_0x11e604c30;
T_0 ;
    %pushi/vec4 1, 0, 20;
    %store/vec4 v0x600001e14090_0, 0, 20;
    %end;
    .thread T_0;
    .scope S_0x11e604c30;
T_1 ;
    %wait E_0x600003914800;
    %load/vec4 v0x600001e14510_0;
    %nor/r;
    %flag_set/vec4 8;
    %jmp/0xz  T_1.0, 8;
    %pushi/vec4 1, 0, 1;
    %assign/vec4 v0x600001e14240_0, 0;
    %pushi/vec4 1, 0, 1;
    %assign/vec4 v0x600001e142d0_0, 0;
    %pushi/vec4 1, 0, 1;
    %assign/vec4 v0x600001e14360_0, 0;
    %jmp T_1.1;
T_1.0 ;
    %load/vec4 v0x600001e141b0_0;
    %assign/vec4 v0x600001e14240_0, 0;
    %load/vec4 v0x600001e14240_0;
    %assign/vec4 v0x600001e142d0_0, 0;
    %load/vec4 v0x600001e142d0_0;
    %assign/vec4 v0x600001e14360_0, 0;
T_1.1 ;
    %jmp T_1;
    .thread T_1;
    .scope S_0x11e604c30;
T_2 ;
    %wait E_0x600003914800;
    %load/vec4 v0x600001e142d0_0;
    %inv;
    %flag_set/vec4 8;
    %flag_get/vec4 8;
    %jmp/0 T_2.0, 8;
    %load/vec4 v0x600001e14360_0;
    %and;
T_2.0;
    %store/vec4 v0x600001e143f0_0, 0, 1;
    %jmp T_2;
    .thread T_2;
    .scope S_0x11e604c30;
T_3 ;
    %wait E_0x600003914800;
    %load/vec4 v0x600001e14510_0;
    %nor/r;
    %flag_set/vec4 8;
    %jmp/0xz  T_3.0, 8;
    %pushi/vec4 0, 0, 20;
    %assign/vec4 v0x600001e14090_0, 0;
    %pushi/vec4 0, 0, 1;
    %assign/vec4 v0x600001e14120_0, 0;
    %jmp T_3.1;
T_3.0 ;
    %load/vec4 v0x600001e143f0_0;
    %nor/r;
    %flag_set/vec4 8;
    %jmp/0xz  T_3.2, 8;
    %pushi/vec4 0, 0, 20;
    %assign/vec4 v0x600001e14090_0, 0;
    %pushi/vec4 1, 0, 1;
    %assign/vec4 v0x600001e14120_0, 0;
T_3.2 ;
T_3.1 ;
    %load/vec4 v0x600001e14120_0;
    %flag_set/vec4 8;
    %jmp/0xz  T_3.4, 8;
    %load/vec4 v0x600001e14090_0;
    %cmpi/e 999, 0, 20;
    %jmp/0xz  T_3.6, 4;
    %load/vec4 v0x600001e14090_0;
    %assign/vec4 v0x600001e14090_0, 0;
    %jmp T_3.7;
T_3.6 ;
    %load/vec4 v0x600001e14090_0;
    %addi 1, 0, 20;
    %assign/vec4 v0x600001e14090_0, 0;
T_3.7 ;
T_3.4 ;
    %jmp T_3;
    .thread T_3;
    .scope S_0x11e604c30;
T_4 ;
    %wait E_0x600003914800;
    %load/vec4 v0x600001e14510_0;
    %nor/r;
    %flag_set/vec4 8;
    %jmp/0xz  T_4.0, 8;
    %pushi/vec4 0, 0, 1;
    %assign/vec4 v0x600001e14480_0, 0;
    %jmp T_4.1;
T_4.0 ;
    %load/vec4 v0x600001e14090_0;
    %cmpi/e 998, 0, 20;
    %jmp/0xz  T_4.2, 4;
    %load/vec4 v0x600001e141b0_0;
    %inv;
    %assign/vec4 v0x600001e14480_0, 0;
    %jmp T_4.3;
T_4.2 ;
    %pushi/vec4 0, 0, 1;
    %assign/vec4 v0x600001e14480_0, 0;
T_4.3 ;
T_4.1 ;
    %jmp T_4;
    .thread T_4;
    .scope S_0x11e604ac0;
T_5 ;
    %pushi/vec4 0, 0, 1;
    %store/vec4 v0x600001e145a0_0, 0, 1;
T_5.0 ;
    %delay 10, 0;
    %load/vec4 v0x600001e145a0_0;
    %inv;
    %store/vec4 v0x600001e145a0_0, 0, 1;
    %jmp T_5.0;
    %end;
    .thread T_5;
    .scope S_0x11e604ac0;
T_6 ;
    %vpi_call 2 22 "$dumpfile", "wave.vcd" {0 0 0};
    %vpi_call 2 23 "$dumpvars", 32'sb00000000000000000000000000000000, S_0x11e604ac0 {0 0 0};
    %pushi/vec4 1, 0, 1;
    %store/vec4 v0x600001e14750_0, 0, 1;
    %delay 20, 0;
    %pushi/vec4 0, 0, 1;
    %store/vec4 v0x600001e14750_0, 0, 1;
    %pushi/vec4 0, 0, 1;
    %store/vec4 v0x600001e14630_0, 0, 1;
    %delay 20, 0;
    %pushi/vec4 1, 0, 1;
    %store/vec4 v0x600001e14750_0, 0, 1;
    %delay 30, 0;
    %pushi/vec4 1, 0, 1;
    %store/vec4 v0x600001e14630_0, 0, 1;
    %delay 40, 0;
    %pushi/vec4 0, 0, 1;
    %store/vec4 v0x600001e14630_0, 0, 1;
    %delay 50, 0;
    %pushi/vec4 1, 0, 1;
    %store/vec4 v0x600001e14630_0, 0, 1;
    %delay 60, 0;
    %pushi/vec4 0, 0, 1;
    %store/vec4 v0x600001e14630_0, 0, 1;
    %delay 10000000, 0;
    %vpi_call 2 34 "$finish" {0 0 0};
    %end;
    .thread T_6;
# The file index is used to find the file name in the following table.
:file_names 4;
    "N/A";
    "<interactive>";
    "./test/key_filter_tb.v";
    "./src/key_filter.v";
